<?xml version="1.0" encoding="utf-8" standalone="no"?>
<!--This file represents the results of running a test suite-->
<test-results name="C:\KCL5South\WhippedCream\WhippedCream.Acceptance.Test\bin\Debug\WhippedCream.Acceptance.Test.exe" total="633" errors="0" failures="0" not-run="0" inconclusive="0" ignored="0" skipped="0" invalid="0" date="2013-10-17" time="10:45:49">
  <environment nunit-version="2.6.2.12296" clr-version="2.0.50727.5456" os-version="Microsoft Windows NT 6.1.7601 Service Pack 1" platform="Win32NT" cwd="C:\KCL5South\WhippedCream\build" machine-name="KAF2073B" user="kaf2073" user-domain="COLOR" />
  <culture-info current-culture="en-US" current-uiculture="en-US" />
  <test-suite type="Assembly" name="C:\KCL5South\WhippedCream\WhippedCream.Acceptance.Test\bin\Debug\WhippedCream.Acceptance.Test.exe" executed="True" result="Success" success="True" time="36.932" asserts="0">
    <results>
      <test-suite type="SetUpFixture" name="WhippedCream" executed="True" result="Success" success="True" time="36.913" asserts="0">
        <results>
          <test-suite type="TestFixture" name="ContextLiveTests" executed="True" result="Success" success="True" time="12.795" asserts="0">
            <results>
              <test-case name="WhippedCream.ContextLiveTests.AddObject_Address" executed="True" result="Success" success="True" time="6.912" asserts="2" />
              <test-case name="WhippedCream.ContextLiveTests.AddObject_AgentAgencyAssociation" executed="True" result="Success" success="True" time="0.040" asserts="2" />
              <test-case name="WhippedCream.ContextLiveTests.AddObject_AgentId" executed="True" result="Success" success="True" time="0.018" asserts="2" />
              <test-case name="WhippedCream.ContextLiveTests.AddObject_Awards" executed="True" result="Success" success="True" time="0.021" asserts="2" />
              <test-case name="WhippedCream.ContextLiveTests.AddObject_Badges" executed="True" result="Success" success="True" time="0.021" asserts="2" />
              <test-case name="WhippedCream.ContextLiveTests.AddObject_ContactNumber" executed="True" result="Success" success="True" time="0.020" asserts="2" />
              <test-case name="WhippedCream.ContextLiveTests.AddObject_EMailAddress" executed="True" result="Success" success="True" time="0.027" asserts="2" />
              <test-case name="WhippedCream.ContextLiveTests.AddObject_Files" executed="True" result="Success" success="True" time="0.013" asserts="2" />
              <test-case name="WhippedCream.ContextLiveTests.AddObject_FilesFileData" executed="True" result="Success" success="True" time="0.017" asserts="2" />
              <test-case name="WhippedCream.ContextLiveTests.AddObject_FilesWizardInfo" executed="True" result="Success" success="True" time="0.012" asserts="2" />
              <test-case name="WhippedCream.ContextLiveTests.AddObject_Preference" executed="True" result="Success" success="True" time="0.046" asserts="2" />
              <test-case name="WhippedCream.ContextLiveTests.AddObject_Website" executed="True" result="Success" success="True" time="0.017" asserts="2" />
              <test-case name="WhippedCream.ContextLiveTests.Addresses" executed="True" result="Success" success="True" time="0.437" asserts="2" />
              <test-case name="WhippedCream.ContextLiveTests.AgentAgencyAssociations" executed="True" result="Success" success="True" time="0.036" asserts="2" />
              <test-case name="WhippedCream.ContextLiveTests.AgentIds" executed="True" result="Success" success="True" time="0.072" asserts="2" />
              <test-case name="WhippedCream.ContextLiveTests.Awards" executed="True" result="Success" success="True" time="0.044" asserts="2" />
              <test-case name="WhippedCream.ContextLiveTests.Badges" executed="True" result="Success" success="True" time="0.081" asserts="2" />
              <test-case name="WhippedCream.ContextLiveTests.ContactNumbers" executed="True" result="Success" success="True" time="0.075" asserts="2" />
              <test-case name="WhippedCream.ContextLiveTests.DeleteObject_Address" executed="True" result="Success" success="True" time="0.301" asserts="3" />
              <test-case name="WhippedCream.ContextLiveTests.DeleteObject_AgentAgencyAssociation" executed="True" result="Success" success="True" time="0.059" asserts="3" />
              <test-case name="WhippedCream.ContextLiveTests.DeleteObject_AgentId" executed="True" result="Success" success="True" time="0.206" asserts="3" />
              <test-case name="WhippedCream.ContextLiveTests.DeleteObject_Awards" executed="True" result="Success" success="True" time="0.225" asserts="3" />
              <test-case name="WhippedCream.ContextLiveTests.DeleteObject_Badges" executed="True" result="Success" success="True" time="0.318" asserts="3" />
              <test-case name="WhippedCream.ContextLiveTests.DeleteObject_ContactNumber" executed="True" result="Success" success="True" time="0.105" asserts="3" />
              <test-case name="WhippedCream.ContextLiveTests.DeleteObject_EMailAddress" executed="True" result="Success" success="True" time="0.267" asserts="3" />
              <test-case name="WhippedCream.ContextLiveTests.DeleteObject_Files" executed="True" result="Success" success="True" time="0.222" asserts="3" />
              <test-case name="WhippedCream.ContextLiveTests.DeleteObject_FilesFileData" executed="True" result="Success" success="True" time="0.156" asserts="3" />
              <test-case name="WhippedCream.ContextLiveTests.DeleteObject_FilesWizardInfo" executed="True" result="Success" success="True" time="0.076" asserts="3" />
              <test-case name="WhippedCream.ContextLiveTests.DeleteObject_Preference" executed="True" result="Success" success="True" time="0.096" asserts="3" />
              <test-case name="WhippedCream.ContextLiveTests.DeleteObject_Website" executed="True" result="Success" success="True" time="0.152" asserts="3" />
              <test-case name="WhippedCream.ContextLiveTests.EMailAddress" executed="True" result="Success" success="True" time="0.085" asserts="2" />
              <test-case name="WhippedCream.ContextLiveTests.Files" executed="True" result="Success" success="True" time="0.040" asserts="2" />
              <test-case name="WhippedCream.ContextLiveTests.FilesFileData" executed="True" result="Success" success="True" time="0.056" asserts="2" />
              <test-case name="WhippedCream.ContextLiveTests.FileWizardInfo" executed="True" result="Success" success="True" time="0.038" asserts="2" />
              <test-case name="WhippedCream.ContextLiveTests.LoadProperty_Addresss" executed="True" result="Success" success="True" time="0.377" asserts="2" />
              <test-case name="WhippedCream.ContextLiveTests.MultiplyByTwo" executed="True" result="Success" success="True" time="0.062" asserts="1" />
              <test-case name="WhippedCream.ContextLiveTests.MultiplyByTwoAgain" executed="True" result="Success" success="True" time="0.003" asserts="1" />
              <test-case name="WhippedCream.ContextLiveTests.MultiplyByTwoQuiet" executed="True" result="Success" success="True" time="0.018" asserts="1" />
              <test-case name="WhippedCream.ContextLiveTests.MultiplyByTwoQuietAgain" executed="True" result="Success" success="True" time="0.004" asserts="1" />
              <test-case name="WhippedCream.ContextLiveTests.Preference" executed="True" result="Success" success="True" time="0.074" asserts="2" />
              <test-case name="WhippedCream.ContextLiveTests.QueryAwards" executed="True" result="Success" success="True" time="0.094" asserts="1" />
              <test-case name="WhippedCream.ContextLiveTests.QueryAwardsAgain" executed="True" result="Success" success="True" time="0.005" asserts="1" />
              <test-case name="WhippedCream.ContextLiveTests.User" executed="True" result="Success" success="True" time="0.088" asserts="2" />
              <test-case name="WhippedCream.ContextLiveTests.Website" executed="True" result="Success" success="True" time="0.072" asserts="2" />
            </results>
          </test-suite>
          <test-suite type="TestFixture" name="ContextTestingTests" executed="True" result="Success" success="True" time="18.495" asserts="0">
            <results>
              <test-suite type="ParameterizedTest" name="AddObject" executed="True" result="Success" success="True" time="6.848" asserts="0">
                <results>
                  <test-case name="WhippedCream.ContextTestingTests.AddObject&lt;Address&gt;(WhippedCream.Data.User.Address,&quot;Addresses&quot;)" executed="True" result="Success" success="True" time="2.953" asserts="2" />
                  <test-case name="WhippedCream.ContextTestingTests.AddObject&lt;AgentId&gt;(WhippedCream.Data.User.AgentId,&quot;AgentIds&quot;)" executed="True" result="Success" success="True" time="0.357" asserts="2" />
                  <test-case name="WhippedCream.ContextTestingTests.AddObject&lt;ContactNumber&gt;(WhippedCream.Data.User.ContactNumber,&quot;ContactNumbers&quot;)" executed="True" result="Success" success="True" time="0.350" asserts="2" />
                  <test-case name="WhippedCream.ContextTestingTests.AddObject&lt;EMailAddress&gt;(WhippedCream.Data.User.EMailAddress,&quot;EMailAddresses&quot;)" executed="True" result="Success" success="True" time="0.356" asserts="2" />
                  <test-case name="WhippedCream.ContextTestingTests.AddObject&lt;Preference&gt;(WhippedCream.Data.User.Preference,&quot;Preferences&quot;)" executed="True" result="Success" success="True" time="0.353" asserts="2" />
                  <test-case name="WhippedCream.ContextTestingTests.AddObject&lt;Website&gt;(WhippedCream.Data.User.Website,&quot;Websites&quot;)" executed="True" result="Success" success="True" time="0.350" asserts="2" />
                  <test-case name="WhippedCream.ContextTestingTests.AddObject&lt;Badges&gt;(WhippedCream.Data.User.Badges,&quot;Badges&quot;)" executed="True" result="Success" success="True" time="0.351" asserts="2" />
                  <test-case name="WhippedCream.ContextTestingTests.AddObject&lt;Awards&gt;(WhippedCream.Data.User.Awards,&quot;Awards&quot;)" executed="True" result="Success" success="True" time="0.355" asserts="2" />
                  <test-case name="WhippedCream.ContextTestingTests.AddObject&lt;Files&gt;(WhippedCream.Data.User.Files,&quot;Files&quot;)" executed="True" result="Success" success="True" time="0.367" asserts="2" />
                  <test-case name="WhippedCream.ContextTestingTests.AddObject&lt;FilesFileData&gt;(WhippedCream.Data.User.FilesFileData,&quot;FilesFileDatas&quot;)" executed="True" result="Success" success="True" time="0.346" asserts="2" />
                  <test-case name="WhippedCream.ContextTestingTests.AddObject&lt;FilesWizardInfo&gt;(WhippedCream.Data.User.FilesWizardInfo,&quot;FilesWizardInfoes&quot;)" executed="True" result="Success" success="True" time="0.350" asserts="2" />
                  <test-case name="WhippedCream.ContextTestingTests.AddObject&lt;AgentAgencyAssociation&gt;(WhippedCream.Data.User.AgentAgencyAssociation,&quot;AgentAgencyAssociations&quot;)" executed="True" result="Success" success="True" time="0.350" asserts="2" />
                </results>
              </test-suite>
              <test-case name="WhippedCream.ContextTestingTests.Addresses" executed="True" result="Success" success="True" time="0.659" asserts="4" />
              <test-case name="WhippedCream.ContextTestingTests.AgentAgencyAssociations" executed="True" result="Success" success="True" time="0.358" asserts="4" />
              <test-case name="WhippedCream.ContextTestingTests.AgentIds" executed="True" result="Success" success="True" time="0.358" asserts="4" />
              <test-case name="WhippedCream.ContextTestingTests.Awards" executed="True" result="Success" success="True" time="0.354" asserts="4" />
              <test-case name="WhippedCream.ContextTestingTests.Badges" executed="True" result="Success" success="True" time="0.362" asserts="4" />
              <test-case name="WhippedCream.ContextTestingTests.ContactNumbers" executed="True" result="Success" success="True" time="0.357" asserts="4" />
              <test-suite type="ParameterizedTest" name="DeleteObject" executed="True" result="Success" success="True" time="4.299" asserts="0">
                <results>
                  <test-case name="WhippedCream.ContextTestingTests.DeleteObject&lt;Address&gt;(WhippedCream.Data.User.Address,&quot;Addresses&quot;)" executed="True" result="Success" success="True" time="0.391" asserts="3" />
                  <test-case name="WhippedCream.ContextTestingTests.DeleteObject&lt;AgentId&gt;(WhippedCream.Data.User.AgentId,&quot;AgentIds&quot;)" executed="True" result="Success" success="True" time="0.351" asserts="3" />
                  <test-case name="WhippedCream.ContextTestingTests.DeleteObject&lt;ContactNumber&gt;(WhippedCream.Data.User.ContactNumber,&quot;ContactNumbers&quot;)" executed="True" result="Success" success="True" time="0.348" asserts="3" />
                  <test-case name="WhippedCream.ContextTestingTests.DeleteObject&lt;EMailAddress&gt;(WhippedCream.Data.User.EMailAddress,&quot;EMailAddresses&quot;)" executed="True" result="Success" success="True" time="0.355" asserts="3" />
                  <test-case name="WhippedCream.ContextTestingTests.DeleteObject&lt;Preference&gt;(WhippedCream.Data.User.Preference,&quot;Preferences&quot;)" executed="True" result="Success" success="True" time="0.353" asserts="3" />
                  <test-case name="WhippedCream.ContextTestingTests.DeleteObject&lt;Website&gt;(WhippedCream.Data.User.Website,&quot;Websites&quot;)" executed="True" result="Success" success="True" time="0.356" asserts="3" />
                  <test-case name="WhippedCream.ContextTestingTests.DeleteObject&lt;Badges&gt;(WhippedCream.Data.User.Badges,&quot;Badges&quot;)" executed="True" result="Success" success="True" time="0.358" asserts="3" />
                  <test-case name="WhippedCream.ContextTestingTests.DeleteObject&lt;Awards&gt;(WhippedCream.Data.User.Awards,&quot;Awards&quot;)" executed="True" result="Success" success="True" time="0.353" asserts="3" />
                  <test-case name="WhippedCream.ContextTestingTests.DeleteObject&lt;Files&gt;(WhippedCream.Data.User.Files,&quot;Files&quot;)" executed="True" result="Success" success="True" time="0.358" asserts="3" />
                  <test-case name="WhippedCream.ContextTestingTests.DeleteObject&lt;FilesFileData&gt;(WhippedCream.Data.User.FilesFileData,&quot;FilesFileDatas&quot;)" executed="True" result="Success" success="True" time="0.355" asserts="3" />
                  <test-case name="WhippedCream.ContextTestingTests.DeleteObject&lt;FilesWizardInfo&gt;(WhippedCream.Data.User.FilesWizardInfo,&quot;FilesWizardInfoes&quot;)" executed="True" result="Success" success="True" time="0.347" asserts="3" />
                  <test-case name="WhippedCream.ContextTestingTests.DeleteObject&lt;AgentAgencyAssociation&gt;(WhippedCream.Data.User.AgentAgencyAssociation,&quot;AgentAgencyAssociations&quot;)" executed="True" result="Success" success="True" time="0.364" asserts="3" />
                </results>
              </test-suite>
              <test-case name="WhippedCream.ContextTestingTests.EMailAddress" executed="True" result="Success" success="True" time="0.357" asserts="4" />
              <test-case name="WhippedCream.ContextTestingTests.Files" executed="True" result="Success" success="True" time="0.355" asserts="4" />
              <test-case name="WhippedCream.ContextTestingTests.FilesFileData" executed="True" result="Success" success="True" time="0.370" asserts="4" />
              <test-case name="WhippedCream.ContextTestingTests.FileWizardInfo" executed="True" result="Success" success="True" time="0.359" asserts="4" />
              <test-case name="WhippedCream.ContextTestingTests.LoadProperty_AgentIds" executed="True" result="Success" success="True" time="0.542" asserts="2" />
              <test-case name="WhippedCream.ContextTestingTests.LoadProperty_Badges" executed="True" result="Success" success="True" time="0.361" asserts="2" />
              <test-case name="WhippedCream.ContextTestingTests.LoadProperty_ContactNumbers" executed="True" result="Success" success="True" time="0.365" asserts="2" />
              <test-case name="WhippedCream.ContextTestingTests.LoadProperty_EMailAddresses" executed="True" result="Success" success="True" time="0.360" asserts="2" />
              <test-case name="WhippedCream.ContextTestingTests.LoadProperty_Preferences" executed="True" result="Success" success="True" time="0.360" asserts="2" />
              <test-case name="WhippedCream.ContextTestingTests.LoadProperty_Websites" executed="True" result="Success" success="True" time="0.362" asserts="2" />
              <test-case name="WhippedCream.ContextTestingTests.Preference" executed="True" result="Success" success="True" time="0.355" asserts="4" />
              <test-case name="WhippedCream.ContextTestingTests.User" executed="True" result="Success" success="True" time="0.368" asserts="4" />
              <test-case name="WhippedCream.ContextTestingTests.Website" executed="True" result="Success" success="True" time="0.359" asserts="4" />
            </results>
          </test-suite>
          <test-suite type="Namespace" name="Data" executed="True" result="Success" success="True" time="0.285" asserts="0">
            <results>
              <test-suite type="Namespace" name="User" executed="True" result="Success" success="True" time="0.284" asserts="0">
                <results>
                  <test-suite type="TestFixture" name="ModelTests" executed="True" result="Success" success="True" time="0.284" asserts="0">
                    <results>
                      <test-suite type="ParameterizedTest" name="EquatableEqualsTest" executed="True" result="Success" success="True" time="0.093" asserts="0">
                        <results>
                          <test-case name="WhippedCream.Data.User.ModelTests.EquatableEqualsTest&lt;FilesWizardInfo&gt;(WhippedCream.Data.User.FilesWizardInfo,WhippedCream.Data.User.FilesWizardInfo)" executed="True" result="Success" success="True" time="0.001" asserts="1" />
                          <test-case name="WhippedCream.Data.User.ModelTests.EquatableEqualsTest&lt;FilesWizardInfo&gt;(WhippedCream.Data.User.FilesWizardInfo,WhippedCream.Data.User.FilesWizardInfo)" executed="True" result="Success" success="True" time="0.000" asserts="1" />
                          <test-case name="WhippedCream.Data.User.ModelTests.EquatableEqualsTest&lt;FilesWizardInfo&gt;(WhippedCream.Data.User.FilesWizardInfo,WhippedCream.Data.User.FilesWizardInfo)" executed="True" result="Success" success="True" time="0.000" asserts="1" />
                          <test-case name="WhippedCream.Data.User.ModelTests.EquatableEqualsTest&lt;FilesWizardInfo&gt;(WhippedCream.Data.User.FilesWizardInfo,WhippedCream.Data.User.FilesWizardInfo)" executed="True" result="Success" success="True" time="0.000" asserts="1" />
                          <test-case name="WhippedCream.Data.User.ModelTests.EquatableEqualsTest&lt;FilesWizardInfo&gt;(WhippedCream.Data.User.FilesWizardInfo,WhippedCream.Data.User.FilesWizardInfo)" executed="True" result="Success" success="True" time="0.000" asserts="1" />
                          <test-case name="WhippedCream.Data.User.ModelTests.EquatableEqualsTest&lt;FilesWizardInfo&gt;(WhippedCream.Data.User.FilesWizardInfo,WhippedCream.Data.User.FilesWizardInfo)" executed="True" result="Success" success="True" time="0.000" asserts="1" />
                          <test-case name="WhippedCream.Data.User.ModelTests.EquatableEqualsTest&lt;FilesWizardInfo&gt;(WhippedCream.Data.User.FilesWizardInfo,WhippedCream.Data.User.FilesWizardInfo)" executed="True" result="Success" success="True" time="0.000" asserts="1" />
                          <test-case name="WhippedCream.Data.User.ModelTests.EquatableEqualsTest&lt;FilesWizardInfo&gt;(WhippedCream.Data.User.FilesWizardInfo,WhippedCream.Data.User.FilesWizardInfo)" executed="True" result="Success" success="True" time="0.000" asserts="1" />
                          <test-case name="WhippedCream.Data.User.ModelTests.EquatableEqualsTest&lt;FilesWizardInfo&gt;(WhippedCream.Data.User.FilesWizardInfo,WhippedCream.Data.User.FilesWizardInfo)" executed="True" result="Success" success="True" time="0.000" asserts="1" />
                          <test-case name="WhippedCream.Data.User.ModelTests.EquatableEqualsTest&lt;FilesWizardInfo&gt;(WhippedCream.Data.User.FilesWizardInfo,WhippedCream.Data.User.FilesWizardInfo)" executed="True" result="Success" success="True" time="0.000" asserts="1" />
                          <test-case name="WhippedCream.Data.User.ModelTests.EquatableEqualsTest&lt;ZipCode&gt;(WhippedCream.Data.User.ZipCode,WhippedCream.Data.User.ZipCode)" executed="True" result="Success" success="True" time="0.000" asserts="1" />
                          <test-case name="WhippedCream.Data.User.ModelTests.EquatableEqualsTest&lt;ZipCode&gt;(WhippedCream.Data.User.ZipCode,WhippedCream.Data.User.ZipCode)" executed="True" result="Success" success="True" time="0.000" asserts="1" />
                          <test-case name="WhippedCream.Data.User.ModelTests.EquatableEqualsTest&lt;ZipCode&gt;(WhippedCream.Data.User.ZipCode,WhippedCream.Data.User.ZipCode)" executed="True" result="Success" success="True" time="0.001" asserts="1" />
                          <test-case name="WhippedCream.Data.User.ModelTests.EquatableEqualsTest&lt;ZipCode&gt;(WhippedCream.Data.User.ZipCode,WhippedCream.Data.User.ZipCode)" executed="True" result="Success" success="True" time="0.000" asserts="1" />
                          <test-case name="WhippedCream.Data.User.ModelTests.EquatableEqualsTest&lt;ZipCode&gt;(WhippedCream.Data.User.ZipCode,WhippedCream.Data.User.ZipCode)" executed="True" result="Success" success="True" time="0.000" asserts="1" />
                          <test-case name="WhippedCream.Data.User.ModelTests.EquatableEqualsTest&lt;ZipCode&gt;(WhippedCream.Data.User.ZipCode,WhippedCream.Data.User.ZipCode)" executed="True" result="Success" success="True" time="0.000" asserts="1" />
                          <test-case name="WhippedCream.Data.User.ModelTests.EquatableEqualsTest&lt;ZipCode&gt;(WhippedCream.Data.User.ZipCode,WhippedCream.Data.User.ZipCode)" executed="True" result="Success" success="True" time="0.000" asserts="1" />
                          <test-case name="WhippedCream.Data.User.ModelTests.EquatableEqualsTest&lt;ZipCode&gt;(WhippedCream.Data.User.ZipCode,WhippedCream.Data.User.ZipCode)" executed="True" result="Success" success="True" time="0.001" asserts="1" />
                          <test-case name="WhippedCream.Data.User.ModelTests.EquatableEqualsTest&lt;ZipCode&gt;(WhippedCream.Data.User.ZipCode,WhippedCream.Data.User.ZipCode)" executed="True" result="Success" success="True" time="0.000" asserts="1" />
                          <test-case name="WhippedCream.Data.User.ModelTests.EquatableEqualsTest&lt;ZipCode&gt;(WhippedCream.Data.User.ZipCode,WhippedCream.Data.User.ZipCode)" executed="True" result="Success" success="True" time="0.000" asserts="1" />
                          <test-case name="WhippedCream.Data.User.ModelTests.EquatableEqualsTest&lt;Address&gt;(WhippedCream.Data.User.Address,WhippedCream.Data.User.Address)" executed="True" result="Success" success="True" time="0.000" asserts="1" />
                          <test-case name="WhippedCream.Data.User.ModelTests.EquatableEqualsTest&lt;Address&gt;(WhippedCream.Data.User.Address,WhippedCream.Data.User.Address)" executed="True" result="Success" success="True" time="0.000" asserts="1" />
                          <test-case name="WhippedCream.Data.User.ModelTests.EquatableEqualsTest&lt;Address&gt;(WhippedCream.Data.User.Address,WhippedCream.Data.User.Address)" executed="True" result="Success" success="True" time="0.000" asserts="1" />
                          <test-case name="WhippedCream.Data.User.ModelTests.EquatableEqualsTest&lt;Address&gt;(WhippedCream.Data.User.Address,WhippedCream.Data.User.Address)" executed="True" result="Success" success="True" time="0.000" asserts="1" />
                          <test-case name="WhippedCream.Data.User.ModelTests.EquatableEqualsTest&lt;Address&gt;(WhippedCream.Data.User.Address,WhippedCream.Data.User.Address)" executed="True" result="Success" success="True" time="0.000" asserts="1" />
                          <test-case name="WhippedCream.Data.User.ModelTests.EquatableEqualsTest&lt;Address&gt;(WhippedCream.Data.User.Address,WhippedCream.Data.User.Address)" executed="True" result="Success" success="True" time="0.000" asserts="1" />
                          <test-case name="WhippedCream.Data.User.ModelTests.EquatableEqualsTest&lt;Address&gt;(WhippedCream.Data.User.Address,WhippedCream.Data.User.Address)" executed="True" result="Success" success="True" time="0.000" asserts="1" />
                          <test-case name="WhippedCream.Data.User.ModelTests.EquatableEqualsTest&lt;Address&gt;(WhippedCream.Data.User.Address,WhippedCream.Data.User.Address)" executed="True" result="Success" success="True" time="0.000" asserts="1" />
                          <test-case name="WhippedCream.Data.User.ModelTests.EquatableEqualsTest&lt;Address&gt;(WhippedCream.Data.User.Address,WhippedCream.Data.User.Address)" executed="True" result="Success" success="True" time="0.000" asserts="1" />
                          <test-case name="WhippedCream.Data.User.ModelTests.EquatableEqualsTest&lt;Address&gt;(WhippedCream.Data.User.Address,WhippedCream.Data.User.Address)" executed="True" result="Success" success="True" time="0.000" asserts="1" />
                          <test-case name="WhippedCream.Data.User.ModelTests.EquatableEqualsTest&lt;AgentAgencyAssociation&gt;(WhippedCream.Data.User.AgentAgencyAssociation,WhippedCream.Data.User.AgentAgencyAssociation)" executed="True" result="Success" success="True" time="0.000" asserts="1" />
                          <test-case name="WhippedCream.Data.User.ModelTests.EquatableEqualsTest&lt;AgentAgencyAssociation&gt;(WhippedCream.Data.User.AgentAgencyAssociation,WhippedCream.Data.User.AgentAgencyAssociation)" executed="True" result="Success" success="True" time="0.000" asserts="1" />
                          <test-case name="WhippedCream.Data.User.ModelTests.EquatableEqualsTest&lt;AgentAgencyAssociation&gt;(WhippedCream.Data.User.AgentAgencyAssociation,WhippedCream.Data.User.AgentAgencyAssociation)" executed="True" result="Success" success="True" time="0.000" asserts="1" />
                          <test-case name="WhippedCream.Data.User.ModelTests.EquatableEqualsTest&lt;AgentAgencyAssociation&gt;(WhippedCream.Data.User.AgentAgencyAssociation,WhippedCream.Data.User.AgentAgencyAssociation)" executed="True" result="Success" success="True" time="0.000" asserts="1" />
                          <test-case name="WhippedCream.Data.User.ModelTests.EquatableEqualsTest&lt;AgentAgencyAssociation&gt;(WhippedCream.Data.User.AgentAgencyAssociation,WhippedCream.Data.User.AgentAgencyAssociation)" executed="True" result="Success" success="True" time="0.000" asserts="1" />
                          <test-case name="WhippedCream.Data.User.ModelTests.EquatableEqualsTest&lt;AgentAgencyAssociation&gt;(WhippedCream.Data.User.AgentAgencyAssociation,WhippedCream.Data.User.AgentAgencyAssociation)" executed="True" result="Success" success="True" time="0.000" asserts="1" />
                          <test-case name="WhippedCream.Data.User.ModelTests.EquatableEqualsTest&lt;AgentAgencyAssociation&gt;(WhippedCream.Data.User.AgentAgencyAssociation,WhippedCream.Data.User.AgentAgencyAssociation)" executed="True" result="Success" success="True" time="0.000" asserts="1" />
                          <test-case name="WhippedCream.Data.User.ModelTests.EquatableEqualsTest&lt;AgentAgencyAssociation&gt;(WhippedCream.Data.User.AgentAgencyAssociation,WhippedCream.Data.User.AgentAgencyAssociation)" executed="True" result="Success" success="True" time="0.001" asserts="1" />
                          <test-case name="WhippedCream.Data.User.ModelTests.EquatableEqualsTest&lt;AgentAgencyAssociation&gt;(WhippedCream.Data.User.AgentAgencyAssociation,WhippedCream.Data.User.AgentAgencyAssociation)" executed="True" result="Success" success="True" time="0.000" asserts="1" />
                          <test-case name="WhippedCream.Data.User.ModelTests.EquatableEqualsTest&lt;AgentAgencyAssociation&gt;(WhippedCream.Data.User.AgentAgencyAssociation,WhippedCream.Data.User.AgentAgencyAssociation)" executed="True" result="Success" success="True" time="0.000" asserts="1" />
                          <test-case name="WhippedCream.Data.User.ModelTests.EquatableEqualsTest&lt;AgentId&gt;(WhippedCream.Data.User.AgentId,WhippedCream.Data.User.AgentId)" executed="True" result="Success" success="True" time="0.000" asserts="1" />
                          <test-case name="WhippedCream.Data.User.ModelTests.EquatableEqualsTest&lt;AgentId&gt;(WhippedCream.Data.User.AgentId,WhippedCream.Data.User.AgentId)" executed="True" result="Success" success="True" time="0.000" asserts="1" />
                          <test-case name="WhippedCream.Data.User.ModelTests.EquatableEqualsTest&lt;AgentId&gt;(WhippedCream.Data.User.AgentId,WhippedCream.Data.User.AgentId)" executed="True" result="Success" success="True" time="0.000" asserts="1" />
                          <test-case name="WhippedCream.Data.User.ModelTests.EquatableEqualsTest&lt;AgentId&gt;(WhippedCream.Data.User.AgentId,WhippedCream.Data.User.AgentId)" executed="True" result="Success" success="True" time="0.000" asserts="1" />
                          <test-case name="WhippedCream.Data.User.ModelTests.EquatableEqualsTest&lt;AgentId&gt;(WhippedCream.Data.User.AgentId,WhippedCream.Data.User.AgentId)" executed="True" result="Success" success="True" time="0.000" asserts="1" />
                          <test-case name="WhippedCream.Data.User.ModelTests.EquatableEqualsTest&lt;AgentId&gt;(WhippedCream.Data.User.AgentId,WhippedCream.Data.User.AgentId)" executed="True" result="Success" success="True" time="0.000" asserts="1" />
                          <test-case name="WhippedCream.Data.User.ModelTests.EquatableEqualsTest&lt;AgentId&gt;(WhippedCream.Data.User.AgentId,WhippedCream.Data.User.AgentId)" executed="True" result="Success" success="True" time="0.000" asserts="1" />
                          <test-case name="WhippedCream.Data.User.ModelTests.EquatableEqualsTest&lt;AgentId&gt;(WhippedCream.Data.User.AgentId,WhippedCream.Data.User.AgentId)" executed="True" result="Success" success="True" time="0.000" asserts="1" />
                          <test-case name="WhippedCream.Data.User.ModelTests.EquatableEqualsTest&lt;AgentId&gt;(WhippedCream.Data.User.AgentId,WhippedCream.Data.User.AgentId)" executed="True" result="Success" success="True" time="0.000" asserts="1" />
                          <test-case name="WhippedCream.Data.User.ModelTests.EquatableEqualsTest&lt;AgentId&gt;(WhippedCream.Data.User.AgentId,WhippedCream.Data.User.AgentId)" executed="True" result="Success" success="True" time="0.000" asserts="1" />
                          <test-case name="WhippedCream.Data.User.ModelTests.EquatableEqualsTest&lt;Awards&gt;(WhippedCream.Data.User.Awards,WhippedCream.Data.User.Awards)" executed="True" result="Success" success="True" time="0.000" asserts="1" />
                          <test-case name="WhippedCream.Data.User.ModelTests.EquatableEqualsTest&lt;Awards&gt;(WhippedCream.Data.User.Awards,WhippedCream.Data.User.Awards)" executed="True" result="Success" success="True" time="0.000" asserts="1" />
                          <test-case name="WhippedCream.Data.User.ModelTests.EquatableEqualsTest&lt;Awards&gt;(WhippedCream.Data.User.Awards,WhippedCream.Data.User.Awards)" executed="True" result="Success" success="True" time="0.000" asserts="1" />
                          <test-case name="WhippedCream.Data.User.ModelTests.EquatableEqualsTest&lt;Awards&gt;(WhippedCream.Data.User.Awards,WhippedCream.Data.User.Awards)" executed="True" result="Success" success="True" time="0.000" asserts="1" />
                          <test-case name="WhippedCream.Data.User.ModelTests.EquatableEqualsTest&lt;Awards&gt;(WhippedCream.Data.User.Awards,WhippedCream.Data.User.Awards)" executed="True" result="Success" success="True" time="0.000" asserts="1" />
                          <test-case name="WhippedCream.Data.User.ModelTests.EquatableEqualsTest&lt;Awards&gt;(WhippedCream.Data.User.Awards,WhippedCream.Data.User.Awards)" executed="True" result="Success" success="True" time="0.001" asserts="1" />
                          <test-case name="WhippedCream.Data.User.ModelTests.EquatableEqualsTest&lt;Awards&gt;(WhippedCream.Data.User.Awards,WhippedCream.Data.User.Awards)" executed="True" result="Success" success="True" time="0.000" asserts="1" />
                          <test-case name="WhippedCream.Data.User.ModelTests.EquatableEqualsTest&lt;Awards&gt;(WhippedCream.Data.User.Awards,WhippedCream.Data.User.Awards)" executed="True" result="Success" success="True" time="0.000" asserts="1" />
                          <test-case name="WhippedCream.Data.User.ModelTests.EquatableEqualsTest&lt;Awards&gt;(WhippedCream.Data.User.Awards,WhippedCream.Data.User.Awards)" executed="True" result="Success" success="True" time="0.000" asserts="1" />
                          <test-case name="WhippedCream.Data.User.ModelTests.EquatableEqualsTest&lt;Awards&gt;(WhippedCream.Data.User.Awards,WhippedCream.Data.User.Awards)" executed="True" result="Success" success="True" time="0.000" asserts="1" />
                          <test-case name="WhippedCream.Data.User.ModelTests.EquatableEqualsTest&lt;Badges&gt;(WhippedCream.Data.User.Badges,WhippedCream.Data.User.Badges)" executed="True" result="Success" success="True" time="0.000" asserts="1" />
                          <test-case name="WhippedCream.Data.User.ModelTests.EquatableEqualsTest&lt;Badges&gt;(WhippedCream.Data.User.Badges,WhippedCream.Data.User.Badges)" executed="True" result="Success" success="True" time="0.000" asserts="1" />
                          <test-case name="WhippedCream.Data.User.ModelTests.EquatableEqualsTest&lt;Badges&gt;(WhippedCream.Data.User.Badges,WhippedCream.Data.User.Badges)" executed="True" result="Success" success="True" time="0.000" asserts="1" />
                          <test-case name="WhippedCream.Data.User.ModelTests.EquatableEqualsTest&lt;Badges&gt;(WhippedCream.Data.User.Badges,WhippedCream.Data.User.Badges)" executed="True" result="Success" success="True" time="0.000" asserts="1" />
                          <test-case name="WhippedCream.Data.User.ModelTests.EquatableEqualsTest&lt;Badges&gt;(WhippedCream.Data.User.Badges,WhippedCream.Data.User.Badges)" executed="True" result="Success" success="True" time="0.000" asserts="1" />
                          <test-case name="WhippedCream.Data.User.ModelTests.EquatableEqualsTest&lt;Badges&gt;(WhippedCream.Data.User.Badges,WhippedCream.Data.User.Badges)" executed="True" result="Success" success="True" time="0.000" asserts="1" />
                          <test-case name="WhippedCream.Data.User.ModelTests.EquatableEqualsTest&lt;Badges&gt;(WhippedCream.Data.User.Badges,WhippedCream.Data.User.Badges)" executed="True" result="Success" success="True" time="0.000" asserts="1" />
                          <test-case name="WhippedCream.Data.User.ModelTests.EquatableEqualsTest&lt;Badges&gt;(WhippedCream.Data.User.Badges,WhippedCream.Data.User.Badges)" executed="True" result="Success" success="True" time="0.000" asserts="1" />
                          <test-case name="WhippedCream.Data.User.ModelTests.EquatableEqualsTest&lt;Badges&gt;(WhippedCream.Data.User.Badges,WhippedCream.Data.User.Badges)" executed="True" result="Success" success="True" time="0.000" asserts="1" />
                          <test-case name="WhippedCream.Data.User.ModelTests.EquatableEqualsTest&lt;Badges&gt;(WhippedCream.Data.User.Badges,WhippedCream.Data.User.Badges)" executed="True" result="Success" success="True" time="0.000" asserts="1" />
                          <test-case name="WhippedCream.Data.User.ModelTests.EquatableEqualsTest&lt;ContactNumber&gt;(WhippedCream.Data.User.ContactNumber,WhippedCream.Data.User.ContactNumber)" executed="True" result="Success" success="True" time="0.000" asserts="1" />
                          <test-case name="WhippedCream.Data.User.ModelTests.EquatableEqualsTest&lt;ContactNumber&gt;(WhippedCream.Data.User.ContactNumber,WhippedCream.Data.User.ContactNumber)" executed="True" result="Success" success="True" time="0.001" asserts="1" />
                          <test-case name="WhippedCream.Data.User.ModelTests.EquatableEqualsTest&lt;ContactNumber&gt;(WhippedCream.Data.User.ContactNumber,WhippedCream.Data.User.ContactNumber)" executed="True" result="Success" success="True" time="0.000" asserts="1" />
                          <test-case name="WhippedCream.Data.User.ModelTests.EquatableEqualsTest&lt;ContactNumber&gt;(WhippedCream.Data.User.ContactNumber,WhippedCream.Data.User.ContactNumber)" executed="True" result="Success" success="True" time="0.000" asserts="1" />
                          <test-case name="WhippedCream.Data.User.ModelTests.EquatableEqualsTest&lt;ContactNumber&gt;(WhippedCream.Data.User.ContactNumber,WhippedCream.Data.User.ContactNumber)" executed="True" result="Success" success="True" time="0.000" asserts="1" />
                          <test-case name="WhippedCream.Data.User.ModelTests.EquatableEqualsTest&lt;ContactNumber&gt;(WhippedCream.Data.User.ContactNumber,WhippedCream.Data.User.ContactNumber)" executed="True" result="Success" success="True" time="0.000" asserts="1" />
                          <test-case name="WhippedCream.Data.User.ModelTests.EquatableEqualsTest&lt;ContactNumber&gt;(WhippedCream.Data.User.ContactNumber,WhippedCream.Data.User.ContactNumber)" executed="True" result="Success" success="True" time="0.000" asserts="1" />
                          <test-case name="WhippedCream.Data.User.ModelTests.EquatableEqualsTest&lt;ContactNumber&gt;(WhippedCream.Data.User.ContactNumber,WhippedCream.Data.User.ContactNumber)" executed="True" result="Success" success="True" time="0.000" asserts="1" />
                          <test-case name="WhippedCream.Data.User.ModelTests.EquatableEqualsTest&lt;ContactNumber&gt;(WhippedCream.Data.User.ContactNumber,WhippedCream.Data.User.ContactNumber)" executed="True" result="Success" success="True" time="0.000" asserts="1" />
                          <test-case name="WhippedCream.Data.User.ModelTests.EquatableEqualsTest&lt;ContactNumber&gt;(WhippedCream.Data.User.ContactNumber,WhippedCream.Data.User.ContactNumber)" executed="True" result="Success" success="True" time="0.000" asserts="1" />
                          <test-case name="WhippedCream.Data.User.ModelTests.EquatableEqualsTest&lt;EMailAddress&gt;(WhippedCream.Data.User.EMailAddress,WhippedCream.Data.User.EMailAddress)" executed="True" result="Success" success="True" time="0.000" asserts="1" />
                          <test-case name="WhippedCream.Data.User.ModelTests.EquatableEqualsTest&lt;EMailAddress&gt;(WhippedCream.Data.User.EMailAddress,WhippedCream.Data.User.EMailAddress)" executed="True" result="Success" success="True" time="0.001" asserts="1" />
                          <test-case name="WhippedCream.Data.User.ModelTests.EquatableEqualsTest&lt;EMailAddress&gt;(WhippedCream.Data.User.EMailAddress,WhippedCream.Data.User.EMailAddress)" executed="True" result="Success" success="True" time="0.000" asserts="1" />
                          <test-case name="WhippedCream.Data.User.ModelTests.EquatableEqualsTest&lt;EMailAddress&gt;(WhippedCream.Data.User.EMailAddress,WhippedCream.Data.User.EMailAddress)" executed="True" result="Success" success="True" time="0.000" asserts="1" />
                          <test-case name="WhippedCream.Data.User.ModelTests.EquatableEqualsTest&lt;EMailAddress&gt;(WhippedCream.Data.User.EMailAddress,WhippedCream.Data.User.EMailAddress)" executed="True" result="Success" success="True" time="0.000" asserts="1" />
                          <test-case name="WhippedCream.Data.User.ModelTests.EquatableEqualsTest&lt;EMailAddress&gt;(WhippedCream.Data.User.EMailAddress,WhippedCream.Data.User.EMailAddress)" executed="True" result="Success" success="True" time="0.000" asserts="1" />
                          <test-case name="WhippedCream.Data.User.ModelTests.EquatableEqualsTest&lt;EMailAddress&gt;(WhippedCream.Data.User.EMailAddress,WhippedCream.Data.User.EMailAddress)" executed="True" result="Success" success="True" time="0.000" asserts="1" />
                          <test-case name="WhippedCream.Data.User.ModelTests.EquatableEqualsTest&lt;EMailAddress&gt;(WhippedCream.Data.User.EMailAddress,WhippedCream.Data.User.EMailAddress)" executed="True" result="Success" success="True" time="0.000" asserts="1" />
                          <test-case name="WhippedCream.Data.User.ModelTests.EquatableEqualsTest&lt;EMailAddress&gt;(WhippedCream.Data.User.EMailAddress,WhippedCream.Data.User.EMailAddress)" executed="True" result="Success" success="True" time="0.000" asserts="1" />
                          <test-case name="WhippedCream.Data.User.ModelTests.EquatableEqualsTest&lt;EMailAddress&gt;(WhippedCream.Data.User.EMailAddress,WhippedCream.Data.User.EMailAddress)" executed="True" result="Success" success="True" time="0.000" asserts="1" />
                          <test-case name="WhippedCream.Data.User.ModelTests.EquatableEqualsTest&lt;Files&gt;(WhippedCream.Data.User.Files,WhippedCream.Data.User.Files)" executed="True" result="Success" success="True" time="0.000" asserts="1" />
                          <test-case name="WhippedCream.Data.User.ModelTests.EquatableEqualsTest&lt;Files&gt;(WhippedCream.Data.User.Files,WhippedCream.Data.User.Files)" executed="True" result="Success" success="True" time="0.000" asserts="1" />
                          <test-case name="WhippedCream.Data.User.ModelTests.EquatableEqualsTest&lt;Files&gt;(WhippedCream.Data.User.Files,WhippedCream.Data.User.Files)" executed="True" result="Success" success="True" time="0.000" asserts="1" />
                          <test-case name="WhippedCream.Data.User.ModelTests.EquatableEqualsTest&lt;Files&gt;(WhippedCream.Data.User.Files,WhippedCream.Data.User.Files)" executed="True" result="Success" success="True" time="0.000" asserts="1" />
                          <test-case name="WhippedCream.Data.User.ModelTests.EquatableEqualsTest&lt;Files&gt;(WhippedCream.Data.User.Files,WhippedCream.Data.User.Files)" executed="True" result="Success" success="True" time="0.000" asserts="1" />
                          <test-case name="WhippedCream.Data.User.ModelTests.EquatableEqualsTest&lt;Files&gt;(WhippedCream.Data.User.Files,WhippedCream.Data.User.Files)" executed="True" result="Success" success="True" time="0.000" asserts="1" />
                          <test-case name="WhippedCream.Data.User.ModelTests.EquatableEqualsTest&lt;Files&gt;(WhippedCream.Data.User.Files,WhippedCream.Data.User.Files)" executed="True" result="Success" success="True" time="0.000" asserts="1" />
                          <test-case name="WhippedCream.Data.User.ModelTests.EquatableEqualsTest&lt;Files&gt;(WhippedCream.Data.User.Files,WhippedCream.Data.User.Files)" executed="True" result="Success" success="True" time="0.000" asserts="1" />
                          <test-case name="WhippedCream.Data.User.ModelTests.EquatableEqualsTest&lt;Files&gt;(WhippedCream.Data.User.Files,WhippedCream.Data.User.Files)" executed="True" result="Success" success="True" time="0.000" asserts="1" />
                          <test-case name="WhippedCream.Data.User.ModelTests.EquatableEqualsTest&lt;Files&gt;(WhippedCream.Data.User.Files,WhippedCream.Data.User.Files)" executed="True" result="Success" success="True" time="0.000" asserts="1" />
                          <test-case name="WhippedCream.Data.User.ModelTests.EquatableEqualsTest&lt;FilesFileData&gt;(WhippedCream.Data.User.FilesFileData,WhippedCream.Data.User.FilesFileData)" executed="True" result="Success" success="True" time="0.000" asserts="1" />
                          <test-case name="WhippedCream.Data.User.ModelTests.EquatableEqualsTest&lt;FilesFileData&gt;(WhippedCream.Data.User.FilesFileData,WhippedCream.Data.User.FilesFileData)" executed="True" result="Success" success="True" time="0.000" asserts="1" />
                          <test-case name="WhippedCream.Data.User.ModelTests.EquatableEqualsTest&lt;FilesFileData&gt;(WhippedCream.Data.User.FilesFileData,WhippedCream.Data.User.FilesFileData)" executed="True" result="Success" success="True" time="0.000" asserts="1" />
                          <test-case name="WhippedCream.Data.User.ModelTests.EquatableEqualsTest&lt;FilesFileData&gt;(WhippedCream.Data.User.FilesFileData,WhippedCream.Data.User.FilesFileData)" executed="True" result="Success" success="True" time="0.000" asserts="1" />
                          <test-case name="WhippedCream.Data.User.ModelTests.EquatableEqualsTest&lt;FilesFileData&gt;(WhippedCream.Data.User.FilesFileData,WhippedCream.Data.User.FilesFileData)" executed="True" result="Success" success="True" time="0.000" asserts="1" />
                          <test-case name="WhippedCream.Data.User.ModelTests.EquatableEqualsTest&lt;FilesFileData&gt;(WhippedCream.Data.User.FilesFileData,WhippedCream.Data.User.FilesFileData)" executed="True" result="Success" success="True" time="0.001" asserts="1" />
                          <test-case name="WhippedCream.Data.User.ModelTests.EquatableEqualsTest&lt;FilesFileData&gt;(WhippedCream.Data.User.FilesFileData,WhippedCream.Data.User.FilesFileData)" executed="True" result="Success" success="True" time="0.000" asserts="1" />
                          <test-case name="WhippedCream.Data.User.ModelTests.EquatableEqualsTest&lt;FilesFileData&gt;(WhippedCream.Data.User.FilesFileData,WhippedCream.Data.User.FilesFileData)" executed="True" result="Success" success="True" time="0.000" asserts="1" />
                          <test-case name="WhippedCream.Data.User.ModelTests.EquatableEqualsTest&lt;FilesFileData&gt;(WhippedCream.Data.User.FilesFileData,WhippedCream.Data.User.FilesFileData)" executed="True" result="Success" success="True" time="0.000" asserts="1" />
                          <test-case name="WhippedCream.Data.User.ModelTests.EquatableEqualsTest&lt;FilesFileData&gt;(WhippedCream.Data.User.FilesFileData,WhippedCream.Data.User.FilesFileData)" executed="True" result="Success" success="True" time="0.000" asserts="1" />
                          <test-case name="WhippedCream.Data.User.ModelTests.EquatableEqualsTest&lt;LoginEntry&gt;(WhippedCream.Data.User.LoginEntry,WhippedCream.Data.User.LoginEntry)" executed="True" result="Success" success="True" time="0.002" asserts="1" />
                          <test-case name="WhippedCream.Data.User.ModelTests.EquatableEqualsTest&lt;LoginEntry&gt;(WhippedCream.Data.User.LoginEntry,WhippedCream.Data.User.LoginEntry)" executed="True" result="Success" success="True" time="0.000" asserts="1" />
                          <test-case name="WhippedCream.Data.User.ModelTests.EquatableEqualsTest&lt;LoginEntry&gt;(WhippedCream.Data.User.LoginEntry,WhippedCream.Data.User.LoginEntry)" executed="True" result="Success" success="True" time="0.000" asserts="1" />
                          <test-case name="WhippedCream.Data.User.ModelTests.EquatableEqualsTest&lt;LoginEntry&gt;(WhippedCream.Data.User.LoginEntry,WhippedCream.Data.User.LoginEntry)" executed="True" result="Success" success="True" time="0.000" asserts="1" />
                          <test-case name="WhippedCream.Data.User.ModelTests.EquatableEqualsTest&lt;LoginEntry&gt;(WhippedCream.Data.User.LoginEntry,WhippedCream.Data.User.LoginEntry)" executed="True" result="Success" success="True" time="0.000" asserts="1" />
                          <test-case name="WhippedCream.Data.User.ModelTests.EquatableEqualsTest&lt;LoginEntry&gt;(WhippedCream.Data.User.LoginEntry,WhippedCream.Data.User.LoginEntry)" executed="True" result="Success" success="True" time="0.000" asserts="1" />
                          <test-case name="WhippedCream.Data.User.ModelTests.EquatableEqualsTest&lt;LoginEntry&gt;(WhippedCream.Data.User.LoginEntry,WhippedCream.Data.User.LoginEntry)" executed="True" result="Success" success="True" time="0.000" asserts="1" />
                          <test-case name="WhippedCream.Data.User.ModelTests.EquatableEqualsTest&lt;LoginEntry&gt;(WhippedCream.Data.User.LoginEntry,WhippedCream.Data.User.LoginEntry)" executed="True" result="Success" success="True" time="0.000" asserts="1" />
                          <test-case name="WhippedCream.Data.User.ModelTests.EquatableEqualsTest&lt;LoginEntry&gt;(WhippedCream.Data.User.LoginEntry,WhippedCream.Data.User.LoginEntry)" executed="True" result="Success" success="True" time="0.000" asserts="1" />
                          <test-case name="WhippedCream.Data.User.ModelTests.EquatableEqualsTest&lt;LoginEntry&gt;(WhippedCream.Data.User.LoginEntry,WhippedCream.Data.User.LoginEntry)" executed="True" result="Success" success="True" time="0.000" asserts="1" />
                          <test-case name="WhippedCream.Data.User.ModelTests.EquatableEqualsTest&lt;MultiplyByTwoResult&gt;(WhippedCream.Data.User.MultiplyByTwoResult,WhippedCream.Data.User.MultiplyByTwoResult)" executed="True" result="Success" success="True" time="0.001" asserts="1" />
                          <test-case name="WhippedCream.Data.User.ModelTests.EquatableEqualsTest&lt;MultiplyByTwoResult&gt;(WhippedCream.Data.User.MultiplyByTwoResult,WhippedCream.Data.User.MultiplyByTwoResult)" executed="True" result="Success" success="True" time="0.000" asserts="1" />
                          <test-case name="WhippedCream.Data.User.ModelTests.EquatableEqualsTest&lt;MultiplyByTwoResult&gt;(WhippedCream.Data.User.MultiplyByTwoResult,WhippedCream.Data.User.MultiplyByTwoResult)" executed="True" result="Success" success="True" time="0.000" asserts="1" />
                          <test-case name="WhippedCream.Data.User.ModelTests.EquatableEqualsTest&lt;MultiplyByTwoResult&gt;(WhippedCream.Data.User.MultiplyByTwoResult,WhippedCream.Data.User.MultiplyByTwoResult)" executed="True" result="Success" success="True" time="0.000" asserts="1" />
                          <test-case name="WhippedCream.Data.User.ModelTests.EquatableEqualsTest&lt;MultiplyByTwoResult&gt;(WhippedCream.Data.User.MultiplyByTwoResult,WhippedCream.Data.User.MultiplyByTwoResult)" executed="True" result="Success" success="True" time="0.000" asserts="1" />
                          <test-case name="WhippedCream.Data.User.ModelTests.EquatableEqualsTest&lt;MultiplyByTwoResult&gt;(WhippedCream.Data.User.MultiplyByTwoResult,WhippedCream.Data.User.MultiplyByTwoResult)" executed="True" result="Success" success="True" time="0.000" asserts="1" />
                          <test-case name="WhippedCream.Data.User.ModelTests.EquatableEqualsTest&lt;MultiplyByTwoResult&gt;(WhippedCream.Data.User.MultiplyByTwoResult,WhippedCream.Data.User.MultiplyByTwoResult)" executed="True" result="Success" success="True" time="0.000" asserts="1" />
                          <test-case name="WhippedCream.Data.User.ModelTests.EquatableEqualsTest&lt;MultiplyByTwoResult&gt;(WhippedCream.Data.User.MultiplyByTwoResult,WhippedCream.Data.User.MultiplyByTwoResult)" executed="True" result="Success" success="True" time="0.000" asserts="1" />
                          <test-case name="WhippedCream.Data.User.ModelTests.EquatableEqualsTest&lt;MultiplyByTwoResult&gt;(WhippedCream.Data.User.MultiplyByTwoResult,WhippedCream.Data.User.MultiplyByTwoResult)" executed="True" result="Success" success="True" time="0.000" asserts="1" />
                          <test-case name="WhippedCream.Data.User.ModelTests.EquatableEqualsTest&lt;MultiplyByTwoResult&gt;(WhippedCream.Data.User.MultiplyByTwoResult,WhippedCream.Data.User.MultiplyByTwoResult)" executed="True" result="Success" success="True" time="0.000" asserts="1" />
                          <test-case name="WhippedCream.Data.User.ModelTests.EquatableEqualsTest&lt;Name&gt;(WhippedCream.Data.User.Name,WhippedCream.Data.User.Name)" executed="True" result="Success" success="True" time="0.000" asserts="1" />
                          <test-case name="WhippedCream.Data.User.ModelTests.EquatableEqualsTest&lt;Name&gt;(WhippedCream.Data.User.Name,WhippedCream.Data.User.Name)" executed="True" result="Success" success="True" time="0.000" asserts="1" />
                          <test-case name="WhippedCream.Data.User.ModelTests.EquatableEqualsTest&lt;Name&gt;(WhippedCream.Data.User.Name,WhippedCream.Data.User.Name)" executed="True" result="Success" success="True" time="0.000" asserts="1" />
                          <test-case name="WhippedCream.Data.User.ModelTests.EquatableEqualsTest&lt;Name&gt;(WhippedCream.Data.User.Name,WhippedCream.Data.User.Name)" executed="True" result="Success" success="True" time="0.000" asserts="1" />
                          <test-case name="WhippedCream.Data.User.ModelTests.EquatableEqualsTest&lt;Name&gt;(WhippedCream.Data.User.Name,WhippedCream.Data.User.Name)" executed="True" result="Success" success="True" time="0.000" asserts="1" />
                          <test-case name="WhippedCream.Data.User.ModelTests.EquatableEqualsTest&lt;Name&gt;(WhippedCream.Data.User.Name,WhippedCream.Data.User.Name)" executed="True" result="Success" success="True" time="0.000" asserts="1" />
                          <test-case name="WhippedCream.Data.User.ModelTests.EquatableEqualsTest&lt;Name&gt;(WhippedCream.Data.User.Name,WhippedCream.Data.User.Name)" executed="True" result="Success" success="True" time="0.000" asserts="1" />
                          <test-case name="WhippedCream.Data.User.ModelTests.EquatableEqualsTest&lt;Name&gt;(WhippedCream.Data.User.Name,WhippedCream.Data.User.Name)" executed="True" result="Success" success="True" time="0.000" asserts="1" />
                          <test-case name="WhippedCream.Data.User.ModelTests.EquatableEqualsTest&lt;Name&gt;(WhippedCream.Data.User.Name,WhippedCream.Data.User.Name)" executed="True" result="Success" success="True" time="0.000" asserts="1" />
                          <test-case name="WhippedCream.Data.User.ModelTests.EquatableEqualsTest&lt;Name&gt;(WhippedCream.Data.User.Name,WhippedCream.Data.User.Name)" executed="True" result="Success" success="True" time="0.000" asserts="1" />
                          <test-case name="WhippedCream.Data.User.ModelTests.EquatableEqualsTest&lt;Preference&gt;(WhippedCream.Data.User.Preference,WhippedCream.Data.User.Preference)" executed="True" result="Success" success="True" time="0.000" asserts="1" />
                          <test-case name="WhippedCream.Data.User.ModelTests.EquatableEqualsTest&lt;Preference&gt;(WhippedCream.Data.User.Preference,WhippedCream.Data.User.Preference)" executed="True" result="Success" success="True" time="0.000" asserts="1" />
                          <test-case name="WhippedCream.Data.User.ModelTests.EquatableEqualsTest&lt;Preference&gt;(WhippedCream.Data.User.Preference,WhippedCream.Data.User.Preference)" executed="True" result="Success" success="True" time="0.000" asserts="1" />
                          <test-case name="WhippedCream.Data.User.ModelTests.EquatableEqualsTest&lt;Preference&gt;(WhippedCream.Data.User.Preference,WhippedCream.Data.User.Preference)" executed="True" result="Success" success="True" time="0.000" asserts="1" />
                          <test-case name="WhippedCream.Data.User.ModelTests.EquatableEqualsTest&lt;Preference&gt;(WhippedCream.Data.User.Preference,WhippedCream.Data.User.Preference)" executed="True" result="Success" success="True" time="0.000" asserts="1" />
                          <test-case name="WhippedCream.Data.User.ModelTests.EquatableEqualsTest&lt;Preference&gt;(WhippedCream.Data.User.Preference,WhippedCream.Data.User.Preference)" executed="True" result="Success" success="True" time="0.000" asserts="1" />
                          <test-case name="WhippedCream.Data.User.ModelTests.EquatableEqualsTest&lt;Preference&gt;(WhippedCream.Data.User.Preference,WhippedCream.Data.User.Preference)" executed="True" result="Success" success="True" time="0.000" asserts="1" />
                          <test-case name="WhippedCream.Data.User.ModelTests.EquatableEqualsTest&lt;Preference&gt;(WhippedCream.Data.User.Preference,WhippedCream.Data.User.Preference)" executed="True" result="Success" success="True" time="0.000" asserts="1" />
                          <test-case name="WhippedCream.Data.User.ModelTests.EquatableEqualsTest&lt;Preference&gt;(WhippedCream.Data.User.Preference,WhippedCream.Data.User.Preference)" executed="True" result="Success" success="True" time="0.000" asserts="1" />
                          <test-case name="WhippedCream.Data.User.ModelTests.EquatableEqualsTest&lt;Preference&gt;(WhippedCream.Data.User.Preference,WhippedCream.Data.User.Preference)" executed="True" result="Success" success="True" time="0.000" asserts="1" />
                          <test-case name="WhippedCream.Data.User.ModelTests.EquatableEqualsTest&lt;User&gt;(WhippedCream.Data.User.User,WhippedCream.Data.User.User)" executed="True" result="Success" success="True" time="0.000" asserts="1" />
                          <test-case name="WhippedCream.Data.User.ModelTests.EquatableEqualsTest&lt;User&gt;(WhippedCream.Data.User.User,WhippedCream.Data.User.User)" executed="True" result="Success" success="True" time="0.000" asserts="1" />
                          <test-case name="WhippedCream.Data.User.ModelTests.EquatableEqualsTest&lt;User&gt;(WhippedCream.Data.User.User,WhippedCream.Data.User.User)" executed="True" result="Success" success="True" time="0.001" asserts="1" />
                          <test-case name="WhippedCream.Data.User.ModelTests.EquatableEqualsTest&lt;User&gt;(WhippedCream.Data.User.User,WhippedCream.Data.User.User)" executed="True" result="Success" success="True" time="0.000" asserts="1" />
                          <test-case name="WhippedCream.Data.User.ModelTests.EquatableEqualsTest&lt;User&gt;(WhippedCream.Data.User.User,WhippedCream.Data.User.User)" executed="True" result="Success" success="True" time="0.001" asserts="1" />
                          <test-case name="WhippedCream.Data.User.ModelTests.EquatableEqualsTest&lt;User&gt;(WhippedCream.Data.User.User,WhippedCream.Data.User.User)" executed="True" result="Success" success="True" time="0.000" asserts="1" />
                          <test-case name="WhippedCream.Data.User.ModelTests.EquatableEqualsTest&lt;User&gt;(WhippedCream.Data.User.User,WhippedCream.Data.User.User)" executed="True" result="Success" success="True" time="0.000" asserts="1" />
                          <test-case name="WhippedCream.Data.User.ModelTests.EquatableEqualsTest&lt;User&gt;(WhippedCream.Data.User.User,WhippedCream.Data.User.User)" executed="True" result="Success" success="True" time="0.000" asserts="1" />
                          <test-case name="WhippedCream.Data.User.ModelTests.EquatableEqualsTest&lt;User&gt;(WhippedCream.Data.User.User,WhippedCream.Data.User.User)" executed="True" result="Success" success="True" time="0.000" asserts="1" />
                          <test-case name="WhippedCream.Data.User.ModelTests.EquatableEqualsTest&lt;User&gt;(WhippedCream.Data.User.User,WhippedCream.Data.User.User)" executed="True" result="Success" success="True" time="0.000" asserts="1" />
                          <test-case name="WhippedCream.Data.User.ModelTests.EquatableEqualsTest&lt;Website&gt;(WhippedCream.Data.User.Website,WhippedCream.Data.User.Website)" executed="True" result="Success" success="True" time="0.000" asserts="1" />
                          <test-case name="WhippedCream.Data.User.ModelTests.EquatableEqualsTest&lt;Website&gt;(WhippedCream.Data.User.Website,WhippedCream.Data.User.Website)" executed="True" result="Success" success="True" time="0.000" asserts="1" />
                          <test-case name="WhippedCream.Data.User.ModelTests.EquatableEqualsTest&lt;Website&gt;(WhippedCream.Data.User.Website,WhippedCream.Data.User.Website)" executed="True" result="Success" success="True" time="0.000" asserts="1" />
                          <test-case name="WhippedCream.Data.User.ModelTests.EquatableEqualsTest&lt;Website&gt;(WhippedCream.Data.User.Website,WhippedCream.Data.User.Website)" executed="True" result="Success" success="True" time="0.000" asserts="1" />
                          <test-case name="WhippedCream.Data.User.ModelTests.EquatableEqualsTest&lt;Website&gt;(WhippedCream.Data.User.Website,WhippedCream.Data.User.Website)" executed="True" result="Success" success="True" time="0.000" asserts="1" />
                          <test-case name="WhippedCream.Data.User.ModelTests.EquatableEqualsTest&lt;Website&gt;(WhippedCream.Data.User.Website,WhippedCream.Data.User.Website)" executed="True" result="Success" success="True" time="0.000" asserts="1" />
                          <test-case name="WhippedCream.Data.User.ModelTests.EquatableEqualsTest&lt;Website&gt;(WhippedCream.Data.User.Website,WhippedCream.Data.User.Website)" executed="True" result="Success" success="True" time="0.000" asserts="1" />
                          <test-case name="WhippedCream.Data.User.ModelTests.EquatableEqualsTest&lt;Website&gt;(WhippedCream.Data.User.Website,WhippedCream.Data.User.Website)" executed="True" result="Success" success="True" time="0.000" asserts="1" />
                          <test-case name="WhippedCream.Data.User.ModelTests.EquatableEqualsTest&lt;Website&gt;(WhippedCream.Data.User.Website,WhippedCream.Data.User.Website)" executed="True" result="Success" success="True" time="0.000" asserts="1" />
                          <test-case name="WhippedCream.Data.User.ModelTests.EquatableEqualsTest&lt;Website&gt;(WhippedCream.Data.User.Website,WhippedCream.Data.User.Website)" executed="True" result="Success" success="True" time="0.000" asserts="1" />
                        </results>
                      </test-suite>
                      <test-suite type="ParameterizedTest" name="HashCodeTest" executed="True" result="Success" success="True" time="0.081" asserts="0">
                        <results>
                          <test-case name="WhippedCream.Data.User.ModelTests.HashCodeTest&lt;Address&gt;(WhippedCream.Data.User.Address,WhippedCream.Data.User.Address)" executed="True" result="Success" success="True" time="0.001" asserts="1" />
                          <test-case name="WhippedCream.Data.User.ModelTests.HashCodeTest&lt;Address&gt;(WhippedCream.Data.User.Address,WhippedCream.Data.User.Address)" executed="True" result="Success" success="True" time="0.000" asserts="1" />
                          <test-case name="WhippedCream.Data.User.ModelTests.HashCodeTest&lt;Address&gt;(WhippedCream.Data.User.Address,WhippedCream.Data.User.Address)" executed="True" result="Success" success="True" time="0.000" asserts="1" />
                          <test-case name="WhippedCream.Data.User.ModelTests.HashCodeTest&lt;Address&gt;(WhippedCream.Data.User.Address,WhippedCream.Data.User.Address)" executed="True" result="Success" success="True" time="0.000" asserts="1" />
                          <test-case name="WhippedCream.Data.User.ModelTests.HashCodeTest&lt;Address&gt;(WhippedCream.Data.User.Address,WhippedCream.Data.User.Address)" executed="True" result="Success" success="True" time="0.000" asserts="1" />
                          <test-case name="WhippedCream.Data.User.ModelTests.HashCodeTest&lt;Address&gt;(WhippedCream.Data.User.Address,WhippedCream.Data.User.Address)" executed="True" result="Success" success="True" time="0.000" asserts="1" />
                          <test-case name="WhippedCream.Data.User.ModelTests.HashCodeTest&lt;Address&gt;(WhippedCream.Data.User.Address,WhippedCream.Data.User.Address)" executed="True" result="Success" success="True" time="0.000" asserts="1" />
                          <test-case name="WhippedCream.Data.User.ModelTests.HashCodeTest&lt;Address&gt;(WhippedCream.Data.User.Address,WhippedCream.Data.User.Address)" executed="True" result="Success" success="True" time="0.000" asserts="1" />
                          <test-case name="WhippedCream.Data.User.ModelTests.HashCodeTest&lt;Address&gt;(WhippedCream.Data.User.Address,WhippedCream.Data.User.Address)" executed="True" result="Success" success="True" time="0.000" asserts="1" />
                          <test-case name="WhippedCream.Data.User.ModelTests.HashCodeTest&lt;Address&gt;(WhippedCream.Data.User.Address,WhippedCream.Data.User.Address)" executed="True" result="Success" success="True" time="0.000" asserts="1" />
                          <test-case name="WhippedCream.Data.User.ModelTests.HashCodeTest&lt;FilesWizardInfo&gt;(WhippedCream.Data.User.FilesWizardInfo,WhippedCream.Data.User.FilesWizardInfo)" executed="True" result="Success" success="True" time="0.000" asserts="1" />
                          <test-case name="WhippedCream.Data.User.ModelTests.HashCodeTest&lt;FilesWizardInfo&gt;(WhippedCream.Data.User.FilesWizardInfo,WhippedCream.Data.User.FilesWizardInfo)" executed="True" result="Success" success="True" time="0.001" asserts="1" />
                          <test-case name="WhippedCream.Data.User.ModelTests.HashCodeTest&lt;FilesWizardInfo&gt;(WhippedCream.Data.User.FilesWizardInfo,WhippedCream.Data.User.FilesWizardInfo)" executed="True" result="Success" success="True" time="0.000" asserts="1" />
                          <test-case name="WhippedCream.Data.User.ModelTests.HashCodeTest&lt;FilesWizardInfo&gt;(WhippedCream.Data.User.FilesWizardInfo,WhippedCream.Data.User.FilesWizardInfo)" executed="True" result="Success" success="True" time="0.001" asserts="1" />
                          <test-case name="WhippedCream.Data.User.ModelTests.HashCodeTest&lt;FilesWizardInfo&gt;(WhippedCream.Data.User.FilesWizardInfo,WhippedCream.Data.User.FilesWizardInfo)" executed="True" result="Success" success="True" time="0.000" asserts="1" />
                          <test-case name="WhippedCream.Data.User.ModelTests.HashCodeTest&lt;FilesWizardInfo&gt;(WhippedCream.Data.User.FilesWizardInfo,WhippedCream.Data.User.FilesWizardInfo)" executed="True" result="Success" success="True" time="0.000" asserts="1" />
                          <test-case name="WhippedCream.Data.User.ModelTests.HashCodeTest&lt;FilesWizardInfo&gt;(WhippedCream.Data.User.FilesWizardInfo,WhippedCream.Data.User.FilesWizardInfo)" executed="True" result="Success" success="True" time="0.000" asserts="1" />
                          <test-case name="WhippedCream.Data.User.ModelTests.HashCodeTest&lt;FilesWizardInfo&gt;(WhippedCream.Data.User.FilesWizardInfo,WhippedCream.Data.User.FilesWizardInfo)" executed="True" result="Success" success="True" time="0.000" asserts="1" />
                          <test-case name="WhippedCream.Data.User.ModelTests.HashCodeTest&lt;FilesWizardInfo&gt;(WhippedCream.Data.User.FilesWizardInfo,WhippedCream.Data.User.FilesWizardInfo)" executed="True" result="Success" success="True" time="0.000" asserts="1" />
                          <test-case name="WhippedCream.Data.User.ModelTests.HashCodeTest&lt;FilesWizardInfo&gt;(WhippedCream.Data.User.FilesWizardInfo,WhippedCream.Data.User.FilesWizardInfo)" executed="True" result="Success" success="True" time="0.000" asserts="1" />
                          <test-case name="WhippedCream.Data.User.ModelTests.HashCodeTest&lt;LoginEntry&gt;(WhippedCream.Data.User.LoginEntry,WhippedCream.Data.User.LoginEntry)" executed="True" result="Success" success="True" time="0.001" asserts="1" />
                          <test-case name="WhippedCream.Data.User.ModelTests.HashCodeTest&lt;LoginEntry&gt;(WhippedCream.Data.User.LoginEntry,WhippedCream.Data.User.LoginEntry)" executed="True" result="Success" success="True" time="0.000" asserts="1" />
                          <test-case name="WhippedCream.Data.User.ModelTests.HashCodeTest&lt;LoginEntry&gt;(WhippedCream.Data.User.LoginEntry,WhippedCream.Data.User.LoginEntry)" executed="True" result="Success" success="True" time="0.000" asserts="1" />
                          <test-case name="WhippedCream.Data.User.ModelTests.HashCodeTest&lt;LoginEntry&gt;(WhippedCream.Data.User.LoginEntry,WhippedCream.Data.User.LoginEntry)" executed="True" result="Success" success="True" time="0.000" asserts="1" />
                          <test-case name="WhippedCream.Data.User.ModelTests.HashCodeTest&lt;LoginEntry&gt;(WhippedCream.Data.User.LoginEntry,WhippedCream.Data.User.LoginEntry)" executed="True" result="Success" success="True" time="0.000" asserts="1" />
                          <test-case name="WhippedCream.Data.User.ModelTests.HashCodeTest&lt;LoginEntry&gt;(WhippedCream.Data.User.LoginEntry,WhippedCream.Data.User.LoginEntry)" executed="True" result="Success" success="True" time="0.000" asserts="1" />
                          <test-case name="WhippedCream.Data.User.ModelTests.HashCodeTest&lt;LoginEntry&gt;(WhippedCream.Data.User.LoginEntry,WhippedCream.Data.User.LoginEntry)" executed="True" result="Success" success="True" time="0.000" asserts="1" />
                          <test-case name="WhippedCream.Data.User.ModelTests.HashCodeTest&lt;LoginEntry&gt;(WhippedCream.Data.User.LoginEntry,WhippedCream.Data.User.LoginEntry)" executed="True" result="Success" success="True" time="0.000" asserts="1" />
                          <test-case name="WhippedCream.Data.User.ModelTests.HashCodeTest&lt;LoginEntry&gt;(WhippedCream.Data.User.LoginEntry,WhippedCream.Data.User.LoginEntry)" executed="True" result="Success" success="True" time="0.000" asserts="1" />
                          <test-case name="WhippedCream.Data.User.ModelTests.HashCodeTest&lt;LoginEntry&gt;(WhippedCream.Data.User.LoginEntry,WhippedCream.Data.User.LoginEntry)" executed="True" result="Success" success="True" time="0.000" asserts="1" />
                          <test-case name="WhippedCream.Data.User.ModelTests.HashCodeTest&lt;AgentAgencyAssociation&gt;(WhippedCream.Data.User.AgentAgencyAssociation,WhippedCream.Data.User.AgentAgencyAssociation)" executed="True" result="Success" success="True" time="0.000" asserts="1" />
                          <test-case name="WhippedCream.Data.User.ModelTests.HashCodeTest&lt;AgentAgencyAssociation&gt;(WhippedCream.Data.User.AgentAgencyAssociation,WhippedCream.Data.User.AgentAgencyAssociation)" executed="True" result="Success" success="True" time="0.000" asserts="1" />
                          <test-case name="WhippedCream.Data.User.ModelTests.HashCodeTest&lt;AgentAgencyAssociation&gt;(WhippedCream.Data.User.AgentAgencyAssociation,WhippedCream.Data.User.AgentAgencyAssociation)" executed="True" result="Success" success="True" time="0.000" asserts="1" />
                          <test-case name="WhippedCream.Data.User.ModelTests.HashCodeTest&lt;AgentAgencyAssociation&gt;(WhippedCream.Data.User.AgentAgencyAssociation,WhippedCream.Data.User.AgentAgencyAssociation)" executed="True" result="Success" success="True" time="0.000" asserts="1" />
                          <test-case name="WhippedCream.Data.User.ModelTests.HashCodeTest&lt;AgentAgencyAssociation&gt;(WhippedCream.Data.User.AgentAgencyAssociation,WhippedCream.Data.User.AgentAgencyAssociation)" executed="True" result="Success" success="True" time="0.000" asserts="1" />
                          <test-case name="WhippedCream.Data.User.ModelTests.HashCodeTest&lt;AgentAgencyAssociation&gt;(WhippedCream.Data.User.AgentAgencyAssociation,WhippedCream.Data.User.AgentAgencyAssociation)" executed="True" result="Success" success="True" time="0.000" asserts="1" />
                          <test-case name="WhippedCream.Data.User.ModelTests.HashCodeTest&lt;AgentAgencyAssociation&gt;(WhippedCream.Data.User.AgentAgencyAssociation,WhippedCream.Data.User.AgentAgencyAssociation)" executed="True" result="Success" success="True" time="0.000" asserts="1" />
                          <test-case name="WhippedCream.Data.User.ModelTests.HashCodeTest&lt;AgentAgencyAssociation&gt;(WhippedCream.Data.User.AgentAgencyAssociation,WhippedCream.Data.User.AgentAgencyAssociation)" executed="True" result="Success" success="True" time="0.000" asserts="1" />
                          <test-case name="WhippedCream.Data.User.ModelTests.HashCodeTest&lt;AgentAgencyAssociation&gt;(WhippedCream.Data.User.AgentAgencyAssociation,WhippedCream.Data.User.AgentAgencyAssociation)" executed="True" result="Success" success="True" time="0.000" asserts="1" />
                          <test-case name="WhippedCream.Data.User.ModelTests.HashCodeTest&lt;AgentAgencyAssociation&gt;(WhippedCream.Data.User.AgentAgencyAssociation,WhippedCream.Data.User.AgentAgencyAssociation)" executed="True" result="Success" success="True" time="0.000" asserts="1" />
                          <test-case name="WhippedCream.Data.User.ModelTests.HashCodeTest&lt;AgentId&gt;(WhippedCream.Data.User.AgentId,WhippedCream.Data.User.AgentId)" executed="True" result="Success" success="True" time="0.000" asserts="1" />
                          <test-case name="WhippedCream.Data.User.ModelTests.HashCodeTest&lt;AgentId&gt;(WhippedCream.Data.User.AgentId,WhippedCream.Data.User.AgentId)" executed="True" result="Success" success="True" time="0.000" asserts="1" />
                          <test-case name="WhippedCream.Data.User.ModelTests.HashCodeTest&lt;AgentId&gt;(WhippedCream.Data.User.AgentId,WhippedCream.Data.User.AgentId)" executed="True" result="Success" success="True" time="0.000" asserts="1" />
                          <test-case name="WhippedCream.Data.User.ModelTests.HashCodeTest&lt;AgentId&gt;(WhippedCream.Data.User.AgentId,WhippedCream.Data.User.AgentId)" executed="True" result="Success" success="True" time="0.000" asserts="1" />
                          <test-case name="WhippedCream.Data.User.ModelTests.HashCodeTest&lt;AgentId&gt;(WhippedCream.Data.User.AgentId,WhippedCream.Data.User.AgentId)" executed="True" result="Success" success="True" time="0.000" asserts="1" />
                          <test-case name="WhippedCream.Data.User.ModelTests.HashCodeTest&lt;AgentId&gt;(WhippedCream.Data.User.AgentId,WhippedCream.Data.User.AgentId)" executed="True" result="Success" success="True" time="0.000" asserts="1" />
                          <test-case name="WhippedCream.Data.User.ModelTests.HashCodeTest&lt;AgentId&gt;(WhippedCream.Data.User.AgentId,WhippedCream.Data.User.AgentId)" executed="True" result="Success" success="True" time="0.001" asserts="1" />
                          <test-case name="WhippedCream.Data.User.ModelTests.HashCodeTest&lt;AgentId&gt;(WhippedCream.Data.User.AgentId,WhippedCream.Data.User.AgentId)" executed="True" result="Success" success="True" time="0.000" asserts="1" />
                          <test-case name="WhippedCream.Data.User.ModelTests.HashCodeTest&lt;AgentId&gt;(WhippedCream.Data.User.AgentId,WhippedCream.Data.User.AgentId)" executed="True" result="Success" success="True" time="0.000" asserts="1" />
                          <test-case name="WhippedCream.Data.User.ModelTests.HashCodeTest&lt;AgentId&gt;(WhippedCream.Data.User.AgentId,WhippedCream.Data.User.AgentId)" executed="True" result="Success" success="True" time="0.000" asserts="1" />
                          <test-case name="WhippedCream.Data.User.ModelTests.HashCodeTest&lt;Awards&gt;(WhippedCream.Data.User.Awards,WhippedCream.Data.User.Awards)" executed="True" result="Success" success="True" time="0.000" asserts="1" />
                          <test-case name="WhippedCream.Data.User.ModelTests.HashCodeTest&lt;Awards&gt;(WhippedCream.Data.User.Awards,WhippedCream.Data.User.Awards)" executed="True" result="Success" success="True" time="0.000" asserts="1" />
                          <test-case name="WhippedCream.Data.User.ModelTests.HashCodeTest&lt;Awards&gt;(WhippedCream.Data.User.Awards,WhippedCream.Data.User.Awards)" executed="True" result="Success" success="True" time="0.000" asserts="1" />
                          <test-case name="WhippedCream.Data.User.ModelTests.HashCodeTest&lt;Awards&gt;(WhippedCream.Data.User.Awards,WhippedCream.Data.User.Awards)" executed="True" result="Success" success="True" time="0.000" asserts="1" />
                          <test-case name="WhippedCream.Data.User.ModelTests.HashCodeTest&lt;Awards&gt;(WhippedCream.Data.User.Awards,WhippedCream.Data.User.Awards)" executed="True" result="Success" success="True" time="0.000" asserts="1" />
                          <test-case name="WhippedCream.Data.User.ModelTests.HashCodeTest&lt;Awards&gt;(WhippedCream.Data.User.Awards,WhippedCream.Data.User.Awards)" executed="True" result="Success" success="True" time="0.000" asserts="1" />
                          <test-case name="WhippedCream.Data.User.ModelTests.HashCodeTest&lt;Awards&gt;(WhippedCream.Data.User.Awards,WhippedCream.Data.User.Awards)" executed="True" result="Success" success="True" time="0.000" asserts="1" />
                          <test-case name="WhippedCream.Data.User.ModelTests.HashCodeTest&lt;Awards&gt;(WhippedCream.Data.User.Awards,WhippedCream.Data.User.Awards)" executed="True" result="Success" success="True" time="0.000" asserts="1" />
                          <test-case name="WhippedCream.Data.User.ModelTests.HashCodeTest&lt;Awards&gt;(WhippedCream.Data.User.Awards,WhippedCream.Data.User.Awards)" executed="True" result="Success" success="True" time="0.000" asserts="1" />
                          <test-case name="WhippedCream.Data.User.ModelTests.HashCodeTest&lt;Awards&gt;(WhippedCream.Data.User.Awards,WhippedCream.Data.User.Awards)" executed="True" result="Success" success="True" time="0.000" asserts="1" />
                          <test-case name="WhippedCream.Data.User.ModelTests.HashCodeTest&lt;Badges&gt;(WhippedCream.Data.User.Badges,WhippedCream.Data.User.Badges)" executed="True" result="Success" success="True" time="0.000" asserts="1" />
                          <test-case name="WhippedCream.Data.User.ModelTests.HashCodeTest&lt;Badges&gt;(WhippedCream.Data.User.Badges,WhippedCream.Data.User.Badges)" executed="True" result="Success" success="True" time="0.000" asserts="1" />
                          <test-case name="WhippedCream.Data.User.ModelTests.HashCodeTest&lt;Badges&gt;(WhippedCream.Data.User.Badges,WhippedCream.Data.User.Badges)" executed="True" result="Success" success="True" time="0.000" asserts="1" />
                          <test-case name="WhippedCream.Data.User.ModelTests.HashCodeTest&lt;Badges&gt;(WhippedCream.Data.User.Badges,WhippedCream.Data.User.Badges)" executed="True" result="Success" success="True" time="0.000" asserts="1" />
                          <test-case name="WhippedCream.Data.User.ModelTests.HashCodeTest&lt;Badges&gt;(WhippedCream.Data.User.Badges,WhippedCream.Data.User.Badges)" executed="True" result="Success" success="True" time="0.000" asserts="1" />
                          <test-case name="WhippedCream.Data.User.ModelTests.HashCodeTest&lt;Badges&gt;(WhippedCream.Data.User.Badges,WhippedCream.Data.User.Badges)" executed="True" result="Success" success="True" time="0.000" asserts="1" />
                          <test-case name="WhippedCream.Data.User.ModelTests.HashCodeTest&lt;Badges&gt;(WhippedCream.Data.User.Badges,WhippedCream.Data.User.Badges)" executed="True" result="Success" success="True" time="0.000" asserts="1" />
[...]
                          <test-case name="WhippedCream.Data.User.ModelTests.ObjectEqualsTest&lt;LoginEntry&gt;(WhippedCream.Data.User.LoginEntry,WhippedCream.Data.User.LoginEntry)" executed="True" result="Success" success="True" time="0.000" asserts="1" />
                          <test-case name="WhippedCream.Data.User.ModelTests.ObjectEqualsTest&lt;MultiplyByTwoResult&gt;(WhippedCream.Data.User.MultiplyByTwoResult,WhippedCream.Data.User.MultiplyByTwoResult)" executed="True" result="Success" success="True" time="0.000" asserts="1" />
                          <test-case name="WhippedCream.Data.User.ModelTests.ObjectEqualsTest&lt;MultiplyByTwoResult&gt;(WhippedCream.Data.User.MultiplyByTwoResult,WhippedCream.Data.User.MultiplyByTwoResult)" executed="True" result="Success" success="True" time="0.000" asserts="1" />
                          <test-case name="WhippedCream.Data.User.ModelTests.ObjectEqualsTest&lt;MultiplyByTwoResult&gt;(WhippedCream.Data.User.MultiplyByTwoResult,WhippedCream.Data.User.MultiplyByTwoResult)" executed="True" result="Success" success="True" time="0.000" asserts="1" />
                          <test-case name="WhippedCream.Data.User.ModelTests.ObjectEqualsTest&lt;MultiplyByTwoResult&gt;(WhippedCream.Data.User.MultiplyByTwoResult,WhippedCream.Data.User.MultiplyByTwoResult)" executed="True" result="Success" success="True" time="0.000" asserts="1" />
                          <test-case name="WhippedCream.Data.User.ModelTests.ObjectEqualsTest&lt;MultiplyByTwoResult&gt;(WhippedCream.Data.User.MultiplyByTwoResult,WhippedCream.Data.User.MultiplyByTwoResult)" executed="True" result="Success" success="True" time="0.000" asserts="1" />
                          <test-case name="WhippedCream.Data.User.ModelTests.ObjectEqualsTest&lt;MultiplyByTwoResult&gt;(WhippedCream.Data.User.MultiplyByTwoResult,WhippedCream.Data.User.MultiplyByTwoResult)" executed="True" result="Success" success="True" time="0.000" asserts="1" />
                          <test-case name="WhippedCream.Data.User.ModelTests.ObjectEqualsTest&lt;MultiplyByTwoResult&gt;(WhippedCream.Data.User.MultiplyByTwoResult,WhippedCream.Data.User.MultiplyByTwoResult)" executed="True" result="Success" success="True" time="0.000" asserts="1" />
                          <test-case name="WhippedCream.Data.User.ModelTests.ObjectEqualsTest&lt;MultiplyByTwoResult&gt;(WhippedCream.Data.User.MultiplyByTwoResult,WhippedCream.Data.User.MultiplyByTwoResult)" executed="True" result="Success" success="True" time="0.000" asserts="1" />
                          <test-case name="WhippedCream.Data.User.ModelTests.ObjectEqualsTest&lt;MultiplyByTwoResult&gt;(WhippedCream.Data.User.MultiplyByTwoResult,WhippedCream.Data.User.MultiplyByTwoResult)" executed="True" result="Success" success="True" time="0.000" asserts="1" />
                          <test-case name="WhippedCream.Data.User.ModelTests.ObjectEqualsTest&lt;MultiplyByTwoResult&gt;(WhippedCream.Data.User.MultiplyByTwoResult,WhippedCream.Data.User.MultiplyByTwoResult)" executed="True" result="Success" success="True" time="0.000" asserts="1" />
                          <test-case name="WhippedCream.Data.User.ModelTests.ObjectEqualsTest&lt;Name&gt;(WhippedCream.Data.User.Name,WhippedCream.Data.User.Name)" executed="True" result="Success" success="True" time="0.000" asserts="1" />
                          <test-case name="WhippedCream.Data.User.ModelTests.ObjectEqualsTest&lt;Name&gt;(WhippedCream.Data.User.Name,WhippedCream.Data.User.Name)" executed="True" result="Success" success="True" time="0.000" asserts="1" />
                          <test-case name="WhippedCream.Data.User.ModelTests.ObjectEqualsTest&lt;Name&gt;(WhippedCream.Data.User.Name,WhippedCream.Data.User.Name)" executed="True" result="Success" success="True" time="0.000" asserts="1" />
                          <test-case name="WhippedCream.Data.User.ModelTests.ObjectEqualsTest&lt;Name&gt;(WhippedCream.Data.User.Name,WhippedCream.Data.User.Name)" executed="True" result="Success" success="True" time="0.000" asserts="1" />
                          <test-case name="WhippedCream.Data.User.ModelTests.ObjectEqualsTest&lt;Name&gt;(WhippedCream.Data.User.Name,WhippedCream.Data.User.Name)" executed="True" result="Success" success="True" time="0.001" asserts="1" />
                          <test-case name="WhippedCream.Data.User.ModelTests.ObjectEqualsTest&lt;Name&gt;(WhippedCream.Data.User.Name,WhippedCream.Data.User.Name)" executed="True" result="Success" success="True" time="0.000" asserts="1" />
                          <test-case name="WhippedCream.Data.User.ModelTests.ObjectEqualsTest&lt;Name&gt;(WhippedCream.Data.User.Name,WhippedCream.Data.User.Name)" executed="True" result="Success" success="True" time="0.000" asserts="1" />
                          <test-case name="WhippedCream.Data.User.ModelTests.ObjectEqualsTest&lt;Name&gt;(WhippedCream.Data.User.Name,WhippedCream.Data.User.Name)" executed="True" result="Success" success="True" time="0.000" asserts="1" />
                          <test-case name="WhippedCream.Data.User.ModelTests.ObjectEqualsTest&lt;Name&gt;(WhippedCream.Data.User.Name,WhippedCream.Data.User.Name)" executed="True" result="Success" success="True" time="0.000" asserts="1" />
                          <test-case name="WhippedCream.Data.User.ModelTests.ObjectEqualsTest&lt;Name&gt;(WhippedCream.Data.User.Name,WhippedCream.Data.User.Name)" executed="True" result="Success" success="True" time="0.000" asserts="1" />
                          <test-case name="WhippedCream.Data.User.ModelTests.ObjectEqualsTest&lt;Preference&gt;(WhippedCream.Data.User.Preference,WhippedCream.Data.User.Preference)" executed="True" result="Success" success="True" time="0.000" asserts="1" />
                          <test-case name="WhippedCream.Data.User.ModelTests.ObjectEqualsTest&lt;Preference&gt;(WhippedCream.Data.User.Preference,WhippedCream.Data.User.Preference)" executed="True" result="Success" success="True" time="0.000" asserts="1" />
                          <test-case name="WhippedCream.Data.User.ModelTests.ObjectEqualsTest&lt;Preference&gt;(WhippedCream.Data.User.Preference,WhippedCream.Data.User.Preference)" executed="True" result="Success" success="True" time="0.000" asserts="1" />
                          <test-case name="WhippedCream.Data.User.ModelTests.ObjectEqualsTest&lt;Preference&gt;(WhippedCream.Data.User.Preference,WhippedCream.Data.User.Preference)" executed="True" result="Success" success="True" time="0.000" asserts="1" />
                          <test-case name="WhippedCream.Data.User.ModelTests.ObjectEqualsTest&lt;Preference&gt;(WhippedCream.Data.User.Preference,WhippedCream.Data.User.Preference)" executed="True" result="Success" success="True" time="0.000" asserts="1" />
                          <test-case name="WhippedCream.Data.User.ModelTests.ObjectEqualsTest&lt;Preference&gt;(WhippedCream.Data.User.Preference,WhippedCream.Data.User.Preference)" executed="True" result="Success" success="True" time="0.000" asserts="1" />
                          <test-case name="WhippedCream.Data.User.ModelTests.ObjectEqualsTest&lt;Preference&gt;(WhippedCream.Data.User.Preference,WhippedCream.Data.User.Preference)" executed="True" result="Success" success="True" time="0.000" asserts="1" />
                          <test-case name="WhippedCream.Data.User.ModelTests.ObjectEqualsTest&lt;Preference&gt;(WhippedCream.Data.User.Preference,WhippedCream.Data.User.Preference)" executed="True" result="Success" success="True" time="0.000" asserts="1" />
                          <test-case name="WhippedCream.Data.User.ModelTests.ObjectEqualsTest&lt;Preference&gt;(WhippedCream.Data.User.Preference,WhippedCream.Data.User.Preference)" executed="True" result="Success" success="True" time="0.000" asserts="1" />
                          <test-case name="WhippedCream.Data.User.ModelTests.ObjectEqualsTest&lt;Preference&gt;(WhippedCream.Data.User.Preference,WhippedCream.Data.User.Preference)" executed="True" result="Success" success="True" time="0.000" asserts="1" />
                          <test-case name="WhippedCream.Data.User.ModelTests.ObjectEqualsTest&lt;User&gt;(WhippedCream.Data.User.User,WhippedCream.Data.User.User)" executed="True" result="Success" success="True" time="0.000" asserts="1" />
                          <test-case name="WhippedCream.Data.User.ModelTests.ObjectEqualsTest&lt;User&gt;(WhippedCream.Data.User.User,WhippedCream.Data.User.User)" executed="True" result="Success" success="True" time="0.000" asserts="1" />
                          <test-case name="WhippedCream.Data.User.ModelTests.ObjectEqualsTest&lt;User&gt;(WhippedCream.Data.User.User,WhippedCream.Data.User.User)" executed="True" result="Success" success="True" time="0.000" asserts="1" />
                          <test-case name="WhippedCream.Data.User.ModelTests.ObjectEqualsTest&lt;User&gt;(WhippedCream.Data.User.User,WhippedCream.Data.User.User)" executed="True" result="Success" success="True" time="0.000" asserts="1" />
                          <test-case name="WhippedCream.Data.User.ModelTests.ObjectEqualsTest&lt;User&gt;(WhippedCream.Data.User.User,WhippedCream.Data.User.User)" executed="True" result="Success" success="True" time="0.000" asserts="1" />
                          <test-case name="WhippedCream.Data.User.ModelTests.ObjectEqualsTest&lt;User&gt;(WhippedCream.Data.User.User,WhippedCream.Data.User.User)" executed="True" result="Success" success="True" time="0.000" asserts="1" />
                          <test-case name="WhippedCream.Data.User.ModelTests.ObjectEqualsTest&lt;User&gt;(WhippedCream.Data.User.User,WhippedCream.Data.User.User)" executed="True" result="Success" success="True" time="0.000" asserts="1" />
                          <test-case name="WhippedCream.Data.User.ModelTests.ObjectEqualsTest&lt;User&gt;(WhippedCream.Data.User.User,WhippedCream.Data.User.User)" executed="True" result="Success" success="True" time="0.000" asserts="1" />
                          <test-case name="WhippedCream.Data.User.ModelTests.ObjectEqualsTest&lt;User&gt;(WhippedCream.Data.User.User,WhippedCream.Data.User.User)" executed="True" result="Success" success="True" time="0.000" asserts="1" />
                          <test-case name="WhippedCream.Data.User.ModelTests.ObjectEqualsTest&lt;User&gt;(WhippedCream.Data.User.User,WhippedCream.Data.User.User)" executed="True" result="Success" success="True" time="0.000" asserts="1" />
                          <test-case name="WhippedCream.Data.User.ModelTests.ObjectEqualsTest&lt;Website&gt;(WhippedCream.Data.User.Website,WhippedCream.Data.User.Website)" executed="True" result="Success" success="True" time="0.000" asserts="1" />
                          <test-case name="WhippedCream.Data.User.ModelTests.ObjectEqualsTest&lt;Website&gt;(WhippedCream.Data.User.Website,WhippedCream.Data.User.Website)" executed="True" result="Success" success="True" time="0.000" asserts="1" />
                          <test-case name="WhippedCream.Data.User.ModelTests.ObjectEqualsTest&lt;Website&gt;(WhippedCream.Data.User.Website,WhippedCream.Data.User.Website)" executed="True" result="Success" success="True" time="0.000" asserts="1" />
                          <test-case name="WhippedCream.Data.User.ModelTests.ObjectEqualsTest&lt;Website&gt;(WhippedCream.Data.User.Website,WhippedCream.Data.User.Website)" executed="True" result="Success" success="True" time="0.000" asserts="1" />
                          <test-case name="WhippedCream.Data.User.ModelTests.ObjectEqualsTest&lt;Website&gt;(WhippedCream.Data.User.Website,WhippedCream.Data.User.Website)" executed="True" result="Success" success="True" time="0.000" asserts="1" />
                          <test-case name="WhippedCream.Data.User.ModelTests.ObjectEqualsTest&lt;Website&gt;(WhippedCream.Data.User.Website,WhippedCream.Data.User.Website)" executed="True" result="Success" success="True" time="0.000" asserts="1" />
                          <test-case name="WhippedCream.Data.User.ModelTests.ObjectEqualsTest&lt;Website&gt;(WhippedCream.Data.User.Website,WhippedCream.Data.User.Website)" executed="True" result="Success" success="True" time="0.000" asserts="1" />
                          <test-case name="WhippedCream.Data.User.ModelTests.ObjectEqualsTest&lt;Website&gt;(WhippedCream.Data.User.Website,WhippedCream.Data.User.Website)" executed="True" result="Success" success="True" time="0.000" asserts="1" />
                          <test-case name="WhippedCream.Data.User.ModelTests.ObjectEqualsTest&lt;Website&gt;(WhippedCream.Data.User.Website,WhippedCream.Data.User.Website)" executed="True" result="Success" success="True" time="0.000" asserts="1" />
                          <test-case name="WhippedCream.Data.User.ModelTests.ObjectEqualsTest&lt;Website&gt;(WhippedCream.Data.User.Website,WhippedCream.Data.User.Website)" executed="True" result="Success" success="True" time="0.001" asserts="1" />
                        </results>
                      </test-suite>
                    </results>
                  </test-suite>
                </results>
              </test-suite>
            </results>
          </test-suite>
          <test-suite type="TestFixture" name="DataServiceContextTests" executed="True" result="Success" success="True" time="0.113" asserts="0">
            <results>
              <test-case name="WhippedCream.DataServiceContextTests.CanCallEnumerableOperation" executed="True" result="Success" success="True" time="0.058" asserts="3" />
              <test-case name="WhippedCream.DataServiceContextTests.CanCallEnumerableOperation_Live" executed="True" result="Success" success="True" time="0.009" asserts="3" />
              <test-case name="WhippedCream.DataServiceContextTests.CanCallIntOperation" executed="True" result="Success" success="True" time="0.038" asserts="1" />
              <test-case name="WhippedCream.DataServiceContextTests.CanCallIntOperation_Live" executed="True" result="Success" success="True" time="0.005" asserts="1" />
            </results>
          </test-suite>
          <test-suite type="TestFixture" name="EntityFrameworkUserDatabaseTests" executed="True" result="Success" success="True" time="0.521" asserts="0">
            <results>
              <test-case name="WhippedCream.EntityFrameworkUserDatabaseTests.Addresses" executed="True" result="Success" success="True" time="0.076" asserts="3" />
              <test-case name="WhippedCream.EntityFrameworkUserDatabaseTests.AgentAgencyAssociations" executed="True" result="Success" success="True" time="0.013" asserts="3" />
              <test-case name="WhippedCream.EntityFrameworkUserDatabaseTests.AgentIds" executed="True" result="Success" success="True" time="0.041" asserts="3" />
              <test-case name="WhippedCream.EntityFrameworkUserDatabaseTests.Awards" executed="True" result="Success" success="True" time="0.014" asserts="3" />
              <test-case name="WhippedCream.EntityFrameworkUserDatabaseTests.Badges" executed="True" result="Success" success="True" time="0.043" asserts="3" />
              <test-case name="WhippedCream.EntityFrameworkUserDatabaseTests.ContactNumbers" executed="True" result="Success" success="True" time="0.044" asserts="3" />
              <test-case name="WhippedCream.EntityFrameworkUserDatabaseTests.EMailAddress" executed="True" result="Success" success="True" time="0.040" asserts="3" />
              <test-case name="WhippedCream.EntityFrameworkUserDatabaseTests.Files" executed="True" result="Success" success="True" time="0.018" asserts="3" />
              <test-case name="WhippedCream.EntityFrameworkUserDatabaseTests.FilesFileData" executed="True" result="Success" success="True" time="0.033" asserts="3" />
              <test-case name="WhippedCream.EntityFrameworkUserDatabaseTests.FileWizardInfo" executed="True" result="Success" success="True" time="0.015" asserts="3" />
              <test-case name="WhippedCream.EntityFrameworkUserDatabaseTests.MultiplyByTwo" executed="True" result="Success" success="True" time="0.002" asserts="1" />
              <test-case name="WhippedCream.EntityFrameworkUserDatabaseTests.MultiplyByTwoAgain" executed="True" result="Success" success="True" time="0.002" asserts="1" />
              <test-case name="WhippedCream.EntityFrameworkUserDatabaseTests.MultiplyByTwoQuiet" executed="True" result="Success" success="True" time="0.035" asserts="1" />
              <test-case name="WhippedCream.EntityFrameworkUserDatabaseTests.MultiplyByTwoQuietAgain" executed="True" result="Success" success="True" time="0.012" asserts="1" />
              <test-case name="WhippedCream.EntityFrameworkUserDatabaseTests.Preference" executed="True" result="Success" success="True" time="0.043" asserts="3" />
              <test-case name="WhippedCream.EntityFrameworkUserDatabaseTests.QueryAwards" executed="True" result="Success" success="True" time="0.004" asserts="1" />
              <test-case name="WhippedCream.EntityFrameworkUserDatabaseTests.QueryAwardsAgain" executed="True" result="Success" success="True" time="0.004" asserts="1" />
              <test-case name="WhippedCream.EntityFrameworkUserDatabaseTests.User" executed="True" result="Success" success="True" time="0.022" asserts="3" />
              <test-case name="WhippedCream.EntityFrameworkUserDatabaseTests.Website" executed="True" result="Success" success="True" time="0.043" asserts="3" />
            </results>
          </test-suite>
          <test-suite type="TestFixture" name="InMemoryUserDatabaseTests" executed="True" result="Success" success="True" time="4.516" asserts="0">
            <results>
              <test-case name="WhippedCream.InMemoryUserDatabaseTests.Addresses" executed="True" result="Success" success="True" time="0.354" asserts="3" />
              <test-case name="WhippedCream.InMemoryUserDatabaseTests.AgentAgencyAssociations" executed="True" result="Success" success="True" time="0.345" asserts="3" />
              <test-case name="WhippedCream.InMemoryUserDatabaseTests.AgentIds" executed="True" result="Success" success="True" time="0.345" asserts="3" />
              <test-case name="WhippedCream.InMemoryUserDatabaseTests.Awards" executed="True" result="Success" success="True" time="0.346" asserts="3" />
              <test-case name="WhippedCream.InMemoryUserDatabaseTests.Badges" executed="True" result="Success" success="True" time="0.349" asserts="3" />
              <test-case name="WhippedCream.InMemoryUserDatabaseTests.ContactNumbers" executed="True" result="Success" success="True" time="0.345" asserts="3" />
              <test-case name="WhippedCream.InMemoryUserDatabaseTests.EMailAddress" executed="True" result="Success" success="True" time="0.353" asserts="3" />
              <test-case name="WhippedCream.InMemoryUserDatabaseTests.Files" executed="True" result="Success" success="True" time="0.345" asserts="3" />
              <test-case name="WhippedCream.InMemoryUserDatabaseTests.FilesFileData" executed="True" result="Success" success="True" time="0.343" asserts="3" />
              <test-case name="WhippedCream.InMemoryUserDatabaseTests.FileWizardInfo" executed="True" result="Success" success="True" time="0.347" asserts="3" />
              <test-case name="WhippedCream.InMemoryUserDatabaseTests.Preference" executed="True" result="Success" success="True" time="0.343" asserts="3" />
              <test-case name="WhippedCream.InMemoryUserDatabaseTests.User" executed="True" result="Success" success="True" time="0.346" asserts="3" />
              <test-case name="WhippedCream.InMemoryUserDatabaseTests.Website" executed="True" result="Success" success="True" time="0.342" asserts="3" />
            </results>
          </test-suite>
        </results>
      </test-suite>
    </results>
  </test-suite>
</test-results>